New log file opened at Fri Nov 13 10:13:58 COT 2015 by 5780@ferlinux-N551JK
jvm 5780@ferlinux-N551JK
jvm vmName=Java HotSpot(TM) 64-Bit Server VM vmVendor=Oracle Corporation vmVersion=25.60-b23
jvm specName=Java Virtual Machine Specification specVendor=Oracle Corporation specVersion=1.8
jvm arguments: [-Xms256m, -Xmx1024m, -XX:MetaspaceSize=64m, -XX:MaxMetaspaceSize=256m]
Starting event engine
Starting sbt command engine
Waiting for sbt command engine
Command engine arguments=List()
Command engine baseDirectory=/home/ferlinux/activator-dist-1.3.6/spinnerbank-api-internal-demo
Command engine initial remaining commands List(--initialize, onFailure load-failed, boot, server-send-ready-for-request, server-handle-next-server-request)
> --initialize
> initialize
> onFailure load-failed
> boot
> reload
[Loading] Scanning directory /home/ferlinux/activator-dist-1.3.6/spinnerbank-api-internal-demo/project
[Loading] Found non-root projects 
[Loading] Done in /home/ferlinux/activator-dist-1.3.6/spinnerbank-api-internal-demo/project, returning: ()
deducing auto plugins based on known facts Set(Atom(sbt.plugins.CorePlugin)) and clauses Clauses(List(Clause(Atom(sbt.plugins.JvmPlugin),Set(Atom(sbt.plugins.IvyPlugin))), Clause(Atom(sbt.plugins.JUnitXmlReportPlugin),Set(Atom(sbt.plugins.JvmPlugin))), Clause(Atom(sbt.plugins.CorePlugin),Set(Atom(sbt.plugins.IvyPlugin))), Clause(Atom(sbt.plugins.IvyPlugin),Set(Atom(sbt.plugins.JvmPlugin))), Clause(Atom(sbt.plugins.JvmPlugin),Set(Atom(sbt.plugins.JUnitXmlReportPlugin)))))
  :: deduced result: Matched(sbt.plugins.CorePlugin,sbt.plugins.IvyPlugin,sbt.plugins.JvmPlugin,sbt.plugins.JUnitXmlReportPlugin)
sorting: ns: List(sbt.plugins.CorePlugin, sbt.plugins.IvyPlugin, sbt.plugins.JvmPlugin, sbt.plugins.JUnitXmlReportPlugin)
  :: sorting:: found: List(sbt.plugins.CorePlugin) not found List(sbt.plugins.IvyPlugin, sbt.plugins.JvmPlugin, sbt.plugins.JUnitXmlReportPlugin)
  :: sorting:: found: List(sbt.plugins.CorePlugin, sbt.plugins.IvyPlugin) not found List(sbt.plugins.JvmPlugin, sbt.plugins.JUnitXmlReportPlugin)
  :: sorting:: found: List(sbt.plugins.CorePlugin, sbt.plugins.IvyPlugin, sbt.plugins.JvmPlugin) not found List(sbt.plugins.JUnitXmlReportPlugin)
  :: sorting:: found: List(sbt.plugins.CorePlugin, sbt.plugins.IvyPlugin, sbt.plugins.JvmPlugin, sbt.plugins.JUnitXmlReportPlugin) not found List()
  :: sorted deduced result: List(sbt.plugins.CorePlugin, sbt.plugins.IvyPlugin, sbt.plugins.JvmPlugin, sbt.plugins.JUnitXmlReportPlugin)
[Loading] Done in /home/ferlinux/activator-dist-1.3.6/spinnerbank-api-internal-demo/project, returning: (spinnerbank-api-internal-demo-build)
Loading project definition from /home/ferlinux/activator-dist-1.3.6/spinnerbank-api-internal-demo/project
Running task... Cancel: sbt.TaskCancellationStrategy$Null$@39c38e2a, check cycles: false

Initial source changes: 
	removed:Set()
	added: Set()
	modified: Set()
Removed products: Set()
External API changes: API Changes: Set()
Modified binary dependencies: Set()
Initial directly invalidated sources: Set()

Sources indirectly invalidated by:
	product: Set()
	binary dep: Set()
	external source: Set()
All initially invalidated sources: Set()

Copy resource mappings: 
	
[Loading] Scanning directory /home/ferlinux/activator-dist-1.3.6/spinnerbank-api-internal-demo
[Loading] Found root project root w/ remaining 
deducing auto plugins based on known facts Set(Atom(play.sbt.PlayScala), Atom(sbt.plugins.CorePlugin)) and clauses Clauses(List(Clause(Atom(sbt.plugins.JvmPlugin),Set(Atom(sbt.plugins.IvyPlugin))), Clause(Atom(sbt.plugins.JUnitXmlReportPlugin),Set(Atom(sbt.plugins.JvmPlugin))), Clause(Atom(play.sbt.Play),Set(Atom(com.typesafe.sbt.packager.archetypes.JavaServerAppPackaging))), Clause(Atom(play.sbt.Play),Set(Atom(play.sbt.routes.RoutesCompiler))), Clause(Atom(play.sbt.Play),Set(Atom(play.twirl.sbt.SbtTwirl))), Clause(Atom(play.sbt.Play),Set(Atom(com.typesafe.sbt.jse.SbtJsTask))), Clause(Atom(play.sbt.PlayAkkaHttpServer),Set(Atom(play.sbt.Play))), Clause(Atom(play.sbt.PlayJava),Set(Atom(play.sbt.Play))), Clause(Atom(play.sbt.PlayLayoutPlugin),Set(Atom(play.sbt.Play))), Clause(Atom(play.sbt.PlayNettyServer),Set(Atom(play.sbt.Play))), Clause(Atom(play.sbt.PlayScala),Set(Atom(play.sbt.Play))), Clause(Atom(play.sbt.routes.RoutesCompiler),Set(Atom(sbt.plugins.JvmPlugin))), Clause(Atom(play.twirl.sbt.SbtTwirl),Set(Atom(sbt.plugins.JvmPlugin))), Clause(Atom(com.typesafe.sbt.packager.archetypes.AkkaAppPackaging),Set(Atom(com.typesafe.sbt.packager.archetypes.JavaAppPackaging))), Clause(Atom(com.typesafe.sbt.packager.archetypes.JavaAppPackaging),Set(Atom(com.typesafe.sbt.packager.windows.WindowsPlugin))), Clause(Atom(com.typesafe.sbt.packager.archetypes.JavaAppPackaging),Set(Atom(com.typesafe.sbt.packager.docker.DockerPlugin))), Clause(Atom(com.typesafe.sbt.packager.archetypes.JavaAppPackaging),Set(Atom(com.typesafe.sbt.packager.debian.DebianPlugin))), Clause(Atom(com.typesafe.sbt.packager.archetypes.JavaAppPackaging),Set(Atom(com.typesafe.sbt.packager.rpm.RpmPlugin))), Clause(Atom(com.typesafe.sbt.packager.archetypes.JavaServerAppPackaging),Set(Atom(com.typesafe.sbt.packager.archetypes.JavaAppPackaging))), Clause(Atom(com.typesafe.sbt.packager.archetypes.jar.ClasspathJarPlugin),Set(Atom(com.typesafe.sbt.packager.archetypes.JavaAppPackaging))), Clause(Atom(com.typesafe.sbt.packager.archetypes.jar.LauncherJarPlugin),Set(Atom(com.typesafe.sbt.packager.archetypes.JavaAppPackaging))), Clause(Atom(com.typesafe.sbt.packager.debian.DebianDeployPlugin),Set(Atom(com.typesafe.sbt.packager.debian.DebianPlugin))), Clause(Atom(com.typesafe.sbt.packager.debian.DebianPlugin),Set(Atom(com.typesafe.sbt.packager.linux.LinuxPlugin))), Clause(Atom(com.typesafe.sbt.packager.debian.JDebPackaging),Set(Atom(com.typesafe.sbt.packager.debian.DebianPlugin))), Clause(Atom(com.typesafe.sbt.packager.docker.DockerPlugin),Set(Atom(com.typesafe.sbt.packager.universal.UniversalPlugin))), Clause(Atom(com.typesafe.sbt.packager.jdkpackager.JDKPackagerDeployPlugin),Set(Atom(com.typesafe.sbt.packager.jdkpackager.JDKPackagerPlugin))), Clause(Atom(com.typesafe.sbt.packager.jdkpackager.JDKPackagerPlugin),Set(Atom(com.typesafe.sbt.packager.archetypes.JavaAppPackaging))), Clause(Atom(com.typesafe.sbt.packager.jdkpackager.JDKPackagerPlugin),Set(Atom(com.typesafe.sbt.packager.archetypes.jar.ClasspathJarPlugin))), Clause(Atom(com.typesafe.sbt.packager.linux.LinuxPlugin),Set(Atom(com.typesafe.sbt.packager.universal.UniversalPlugin))), Clause(Atom(com.typesafe.sbt.packager.rpm.RpmDeployPlugin),Set(Atom(com.typesafe.sbt.packager.rpm.RpmPlugin))), Clause(Atom(com.typesafe.sbt.packager.rpm.RpmPlugin),Set(Atom(com.typesafe.sbt.packager.linux.LinuxPlugin))), Clause(Atom(com.typesafe.sbt.packager.universal.UniversalDeployPlugin),Set(Atom(com.typesafe.sbt.packager.universal.UniversalPlugin))), Clause(Atom(com.typesafe.sbt.packager.universal.UniversalPlugin),Set(Atom(com.typesafe.sbt.SbtNativePackager))), Clause(Atom(com.typesafe.sbt.packager.windows.WindowsDeployPlugin),Set(Atom(com.typesafe.sbt.packager.windows.WindowsPlugin))), Clause(Atom(com.typesafe.sbt.packager.windows.WindowsPlugin),Set(Atom(com.typesafe.sbt.packager.universal.UniversalPlugin))), Clause(Atom(com.typesafe.sbt.web.SbtWeb),Set(Atom(sbt.plugins.JvmPlugin))), Clause(Atom(com.typesafe.sbt.jse.SbtJsEngine),Set(Atom(com.typesafe.sbt.web.SbtWeb))), Clause(Atom(com.typesafe.sbt.jse.SbtJsTask),Set(Atom(com.typesafe.sbt.jse.SbtJsEngine))), Clause(Atom(com.typesafe.sbt.coffeescript.SbtCoffeeScript),Set(Atom(com.typesafe.sbt.jse.SbtJsTask))), Clause(Atom(com.typesafe.sbt.less.SbtLess),Set(Atom(com.typesafe.sbt.jse.SbtJsTask))), Clause(Atom(com.typesafe.sbt.jshint.SbtJSHint),Set(Atom(com.typesafe.sbt.jse.SbtJsTask))), Clause(Atom(com.typesafe.sbt.rjs.SbtRjs),Set(Atom(com.typesafe.sbt.jse.SbtJsTask))), Clause(Atom(com.typesafe.sbt.digest.SbtDigest),Set(Atom(com.typesafe.sbt.web.SbtWeb))), Clause(Atom(com.typesafe.sbt.mocha.SbtMocha),Set(Atom(com.typesafe.sbt.jse.SbtJsTask))), Clause(Atom(play.sbt.forkrun.PlayForkRun),Set(Atom(sbt.plugins.BackgroundRunPlugin))), Clause(Atom(play.sbt.forkrun.PlayForkRun),Set(Atom(play.sbt.Play))), Clause(Atom(play.sbt.forkrun.PlayForkRun),Set(Atom(sbt.plugins.SerializersPlugin))), Clause(Atom(sbt.plugins.BackgroundRunPlugin),Set(Atom(sbt.plugins.JvmPlugin))), Clause(Atom(sbt.plugins.CorePlugin),Set(Atom(sbt.plugins.IvyPlugin))), Clause(Atom(sbt.plugins.IvyPlugin),Set(Atom(sbt.plugins.JvmPlugin))), Clause(Atom(sbt.plugins.JvmPlugin),Set(Atom(sbt.plugins.JUnitXmlReportPlugin))), Clause(Atom(play.sbt.Play),Set(Atom(play.sbt.PlayLayoutPlugin))), Clause(Atom(play.sbt.Play),Set(Atom(play.sbt.PlayNettyServer))), Clause(Atom(com.typesafe.sbt.web.SbtWeb),Set(Atom(com.typesafe.sbt.jse.SbtJsEngine))), Clause(Atom(com.typesafe.sbt.jse.SbtJsEngine),Set(Atom(com.typesafe.sbt.jse.SbtJsTask))), Clause(Atom(com.typesafe.sbt.jse.SbtJsTask),Set(Atom(com.typesafe.sbt.coffeescript.SbtCoffeeScript))), Clause(Atom(com.typesafe.sbt.jse.SbtJsTask),Set(Atom(com.typesafe.sbt.less.SbtLess))), Clause(Atom(com.typesafe.sbt.jse.SbtJsTask),Set(Atom(com.typesafe.sbt.jshint.SbtJSHint))), Clause(Atom(com.typesafe.sbt.jse.SbtJsTask),Set(Atom(com.typesafe.sbt.rjs.SbtRjs))), Clause(Atom(com.typesafe.sbt.web.SbtWeb),Set(Atom(com.typesafe.sbt.digest.SbtDigest))), Clause(Atom(com.typesafe.sbt.jse.SbtJsTask),Set(Atom(com.typesafe.sbt.mocha.SbtMocha))), Clause(And(Set(Atom(sbt.plugins.BackgroundRunPlugin), Atom(play.sbt.Play), Atom(sbt.plugins.SerializersPlugin))),Set(Atom(play.sbt.forkrun.PlayForkRun))), Clause(Atom(sbt.plugins.JvmPlugin),Set(Atom(sbt.plugins.BackgroundRunPlugin))), Clause(Atom(sbt.plugins.CorePlugin),Set(Atom(sbt.plugins.InteractionServicePlugin))), Clause(Atom(sbt.plugins.CorePlugin),Set(Atom(sbt.plugins.SendEventServicePlugin))), Clause(Atom(sbt.plugins.CorePlugin),Set(Atom(sbt.plugins.SerializersPlugin)))))
  :: deduced result: Matched(sbt.plugins.CorePlugin,play.sbt.PlayScala,sbt.plugins.InteractionServicePlugin,sbt.plugins.SendEventServicePlugin,play.sbt.Play,sbt.plugins.SerializersPlugin,sbt.plugins.IvyPlugin,com.typesafe.sbt.packager.archetypes.JavaServerAppPackaging,play.twirl.sbt.SbtTwirl,sbt.plugins.JvmPlugin,play.sbt.PlayNettyServer,play.sbt.PlayLayoutPlugin,play.sbt.routes.RoutesCompiler,com.typesafe.sbt.jse.SbtJsTask,com.typesafe.sbt.jshint.SbtJSHint,com.typesafe.sbt.packager.archetypes.JavaAppPackaging,sbt.plugins.JUnitXmlReportPlugin,com.typesafe.sbt.mocha.SbtMocha,com.typesafe.sbt.less.SbtLess,com.typesafe.sbt.rjs.SbtRjs,com.typesafe.sbt.jse.SbtJsEngine,com.typesafe.sbt.coffeescript.SbtCoffeeScript,sbt.plugins.BackgroundRunPlugin,com.typesafe.sbt.packager.rpm.RpmPlugin,com.typesafe.sbt.packager.windows.WindowsPlugin,com.typesafe.sbt.web.SbtWeb,com.typesafe.sbt.packager.docker.DockerPlugin,play.sbt.forkrun.PlayForkRun,com.typesafe.sbt.packager.debian.DebianPlugin,com.typesafe.sbt.digest.SbtDigest,com.typesafe.sbt.packager.universal.UniversalPlugin,com.typesafe.sbt.packager.linux.LinuxPlugin,com.typesafe.sbt.SbtNativePackager)
sorting: ns: List(sbt.plugins.CorePlugin, play.sbt.PlayScala, sbt.plugins.InteractionServicePlugin, sbt.plugins.SendEventServicePlugin, play.sbt.Play, sbt.plugins.SerializersPlugin, sbt.plugins.IvyPlugin, com.typesafe.sbt.packager.archetypes.JavaServerAppPackaging, play.twirl.sbt.SbtTwirl, sbt.plugins.JvmPlugin, play.sbt.PlayNettyServer, play.sbt.PlayLayoutPlugin, play.sbt.routes.RoutesCompiler, com.typesafe.sbt.jse.SbtJsTask, com.typesafe.sbt.jshint.SbtJSHint, com.typesafe.sbt.packager.archetypes.JavaAppPackaging, sbt.plugins.JUnitXmlReportPlugin, com.typesafe.sbt.mocha.SbtMocha, com.typesafe.sbt.less.SbtLess, com.typesafe.sbt.rjs.SbtRjs, com.typesafe.sbt.jse.SbtJsEngine, com.typesafe.sbt.coffeescript.SbtCoffeeScript, sbt.plugins.BackgroundRunPlugin, com.typesafe.sbt.packager.rpm.RpmPlugin, com.typesafe.sbt.packager.windows.WindowsPlugin, com.typesafe.sbt.web.SbtWeb, com.typesafe.sbt.packager.docker.DockerPlugin, play.sbt.forkrun.PlayForkRun, com.typesafe.sbt.packager.debian.DebianPlugin, com.typesafe.sbt.digest.SbtDigest, com.typesafe.sbt.packager.universal.UniversalPlugin, com.typesafe.sbt.packager.linux.LinuxPlugin, com.typesafe.sbt.SbtNativePackager)
  :: sorting:: found: List(sbt.plugins.CorePlugin, com.typesafe.sbt.SbtNativePackager) not found List(play.sbt.PlayScala, sbt.plugins.InteractionServicePlugin, sbt.plugins.SendEventServicePlugin, play.sbt.Play, sbt.plugins.SerializersPlugin, sbt.plugins.IvyPlugin, com.typesafe.sbt.packager.archetypes.JavaServerAppPackaging, play.twirl.sbt.SbtTwirl, sbt.plugins.JvmPlugin, play.sbt.PlayNettyServer, play.sbt.PlayLayoutPlugin, play.sbt.routes.RoutesCompiler, com.typesafe.sbt.jse.SbtJsTask, com.typesafe.sbt.jshint.SbtJSHint, com.typesafe.sbt.packager.archetypes.JavaAppPackaging, sbt.plugins.JUnitXmlReportPlugin, com.typesafe.sbt.mocha.SbtMocha, com.typesafe.sbt.less.SbtLess, com.typesafe.sbt.rjs.SbtRjs, com.typesafe.sbt.jse.SbtJsEngine, com.typesafe.sbt.coffeescript.SbtCoffeeScript, sbt.plugins.BackgroundRunPlugin, com.typesafe.sbt.packager.rpm.RpmPlugin, com.typesafe.sbt.packager.windows.WindowsPlugin, com.typesafe.sbt.web.SbtWeb, com.typesafe.sbt.packager.docker.DockerPlugin, play.sbt.forkrun.PlayForkRun, com.typesafe.sbt.packager.debian.DebianPlugin, com.typesafe.sbt.digest.SbtDigest, com.typesafe.sbt.packager.universal.UniversalPlugin, com.typesafe.sbt.packager.linux.LinuxPlugin)
  :: sorting:: found: List(sbt.plugins.CorePlugin, com.typesafe.sbt.SbtNativePackager, sbt.plugins.InteractionServicePlugin, sbt.plugins.SendEventServicePlugin, sbt.plugins.SerializersPlugin, sbt.plugins.IvyPlugin, com.typesafe.sbt.packager.universal.UniversalPlugin) not found List(play.sbt.PlayScala, play.sbt.Play, com.typesafe.sbt.packager.archetypes.JavaServerAppPackaging, play.twirl.sbt.SbtTwirl, sbt.plugins.JvmPlugin, play.sbt.PlayNettyServer, play.sbt.PlayLayoutPlugin, play.sbt.routes.RoutesCompiler, com.typesafe.sbt.jse.SbtJsTask, com.typesafe.sbt.jshint.SbtJSHint, com.typesafe.sbt.packager.archetypes.JavaAppPackaging, sbt.plugins.JUnitXmlReportPlugin, com.typesafe.sbt.mocha.SbtMocha, com.typesafe.sbt.less.SbtLess, com.typesafe.sbt.rjs.SbtRjs, com.typesafe.sbt.jse.SbtJsEngine, com.typesafe.sbt.coffeescript.SbtCoffeeScript, sbt.plugins.BackgroundRunPlugin, com.typesafe.sbt.packager.rpm.RpmPlugin, com.typesafe.sbt.packager.windows.WindowsPlugin, com.typesafe.sbt.web.SbtWeb, com.typesafe.sbt.packager.docker.DockerPlugin, play.sbt.forkrun.PlayForkRun, com.typesafe.sbt.packager.debian.DebianPlugin, com.typesafe.sbt.digest.SbtDigest, com.typesafe.sbt.packager.linux.LinuxPlugin)
  :: sorting:: found: List(sbt.plugins.CorePlugin, com.typesafe.sbt.SbtNativePackager, sbt.plugins.InteractionServicePlugin, sbt.plugins.SendEventServicePlugin, sbt.plugins.SerializersPlugin, sbt.plugins.IvyPlugin, com.typesafe.sbt.packager.universal.UniversalPlugin, sbt.plugins.JvmPlugin, com.typesafe.sbt.packager.windows.WindowsPlugin, com.typesafe.sbt.packager.docker.DockerPlugin, com.typesafe.sbt.packager.linux.LinuxPlugin) not found List(play.sbt.PlayScala, play.sbt.Play, com.typesafe.sbt.packager.archetypes.JavaServerAppPackaging, play.twirl.sbt.SbtTwirl, play.sbt.PlayNettyServer, play.sbt.PlayLayoutPlugin, play.sbt.routes.RoutesCompiler, com.typesafe.sbt.jse.SbtJsTask, com.typesafe.sbt.jshint.SbtJSHint, com.typesafe.sbt.packager.archetypes.JavaAppPackaging, sbt.plugins.JUnitXmlReportPlugin, com.typesafe.sbt.mocha.SbtMocha, com.typesafe.sbt.less.SbtLess, com.typesafe.sbt.rjs.SbtRjs, com.typesafe.sbt.jse.SbtJsEngine, com.typesafe.sbt.coffeescript.SbtCoffeeScript, sbt.plugins.BackgroundRunPlugin, com.typesafe.sbt.packager.rpm.RpmPlugin, com.typesafe.sbt.web.SbtWeb, play.sbt.forkrun.PlayForkRun, com.typesafe.sbt.packager.debian.DebianPlugin, com.typesafe.sbt.digest.SbtDigest)
  :: sorting:: found: List(sbt.plugins.CorePlugin, com.typesafe.sbt.SbtNativePackager, sbt.plugins.InteractionServicePlugin, sbt.plugins.SendEventServicePlugin, sbt.plugins.SerializersPlugin, sbt.plugins.IvyPlugin, com.typesafe.sbt.packager.universal.UniversalPlugin, sbt.plugins.JvmPlugin, com.typesafe.sbt.packager.windows.WindowsPlugin, com.typesafe.sbt.packager.docker.DockerPlugin, com.typesafe.sbt.packager.linux.LinuxPlugin, play.twirl.sbt.SbtTwirl, play.sbt.routes.RoutesCompiler, sbt.plugins.JUnitXmlReportPlugin, sbt.plugins.BackgroundRunPlugin, com.typesafe.sbt.packager.rpm.RpmPlugin, com.typesafe.sbt.web.SbtWeb, com.typesafe.sbt.packager.debian.DebianPlugin) not found List(play.sbt.PlayScala, play.sbt.Play, com.typesafe.sbt.packager.archetypes.JavaServerAppPackaging, play.sbt.PlayNettyServer, play.sbt.PlayLayoutPlugin, com.typesafe.sbt.jse.SbtJsTask, com.typesafe.sbt.jshint.SbtJSHint, com.typesafe.sbt.packager.archetypes.JavaAppPackaging, com.typesafe.sbt.mocha.SbtMocha, com.typesafe.sbt.less.SbtLess, com.typesafe.sbt.rjs.SbtRjs, com.typesafe.sbt.jse.SbtJsEngine, com.typesafe.sbt.coffeescript.SbtCoffeeScript, play.sbt.forkrun.PlayForkRun, com.typesafe.sbt.digest.SbtDigest)
  :: sorting:: found: List(sbt.plugins.CorePlugin, com.typesafe.sbt.SbtNativePackager, sbt.plugins.InteractionServicePlugin, sbt.plugins.SendEventServicePlugin, sbt.plugins.SerializersPlugin, sbt.plugins.IvyPlugin, com.typesafe.sbt.packager.universal.UniversalPlugin, sbt.plugins.JvmPlugin, com.typesafe.sbt.packager.windows.WindowsPlugin, com.typesafe.sbt.packager.docker.DockerPlugin, com.typesafe.sbt.packager.linux.LinuxPlugin, play.twirl.sbt.SbtTwirl, play.sbt.routes.RoutesCompiler, sbt.plugins.JUnitXmlReportPlugin, sbt.plugins.BackgroundRunPlugin, com.typesafe.sbt.packager.rpm.RpmPlugin, com.typesafe.sbt.web.SbtWeb, com.typesafe.sbt.packager.debian.DebianPlugin, com.typesafe.sbt.packager.archetypes.JavaAppPackaging, com.typesafe.sbt.jse.SbtJsEngine, com.typesafe.sbt.digest.SbtDigest) not found List(play.sbt.PlayScala, play.sbt.Play, com.typesafe.sbt.packager.archetypes.JavaServerAppPackaging, play.sbt.PlayNettyServer, play.sbt.PlayLayoutPlugin, com.typesafe.sbt.jse.SbtJsTask, com.typesafe.sbt.jshint.SbtJSHint, com.typesafe.sbt.mocha.SbtMocha, com.typesafe.sbt.less.SbtLess, com.typesafe.sbt.rjs.SbtRjs, com.typesafe.sbt.coffeescript.SbtCoffeeScript, play.sbt.forkrun.PlayForkRun)
  :: sorting:: found: List(sbt.plugins.CorePlugin, com.typesafe.sbt.SbtNativePackager, sbt.plugins.InteractionServicePlugin, sbt.plugins.SendEventServicePlugin, sbt.plugins.SerializersPlugin, sbt.plugins.IvyPlugin, com.typesafe.sbt.packager.universal.UniversalPlugin, sbt.plugins.JvmPlugin, com.typesafe.sbt.packager.windows.WindowsPlugin, com.typesafe.sbt.packager.docker.DockerPlugin, com.typesafe.sbt.packager.linux.LinuxPlugin, play.twirl.sbt.SbtTwirl, play.sbt.routes.RoutesCompiler, sbt.plugins.JUnitXmlReportPlugin, sbt.plugins.BackgroundRunPlugin, com.typesafe.sbt.packager.rpm.RpmPlugin, com.typesafe.sbt.web.SbtWeb, com.typesafe.sbt.packager.debian.DebianPlugin, com.typesafe.sbt.packager.archetypes.JavaAppPackaging, com.typesafe.sbt.jse.SbtJsEngine, com.typesafe.sbt.digest.SbtDigest, com.typesafe.sbt.packager.archetypes.JavaServerAppPackaging, com.typesafe.sbt.jse.SbtJsTask) not found List(play.sbt.PlayScala, play.sbt.Play, play.sbt.PlayNettyServer, play.sbt.PlayLayoutPlugin, com.typesafe.sbt.jshint.SbtJSHint, com.typesafe.sbt.mocha.SbtMocha, com.typesafe.sbt.less.SbtLess, com.typesafe.sbt.rjs.SbtRjs, com.typesafe.sbt.coffeescript.SbtCoffeeScript, play.sbt.forkrun.PlayForkRun)
  :: sorting:: found: List(sbt.plugins.CorePlugin, com.typesafe.sbt.SbtNativePackager, sbt.plugins.InteractionServicePlugin, sbt.plugins.SendEventServicePlugin, sbt.plugins.SerializersPlugin, sbt.plugins.IvyPlugin, com.typesafe.sbt.packager.universal.UniversalPlugin, sbt.plugins.JvmPlugin, com.typesafe.sbt.packager.windows.WindowsPlugin, com.typesafe.sbt.packager.docker.DockerPlugin, com.typesafe.sbt.packager.linux.LinuxPlugin, play.twirl.sbt.SbtTwirl, play.sbt.routes.RoutesCompiler, sbt.plugins.JUnitXmlReportPlugin, sbt.plugins.BackgroundRunPlugin, com.typesafe.sbt.packager.rpm.RpmPlugin, com.typesafe.sbt.web.SbtWeb, com.typesafe.sbt.packager.debian.DebianPlugin, com.typesafe.sbt.packager.archetypes.JavaAppPackaging, com.typesafe.sbt.jse.SbtJsEngine, com.typesafe.sbt.digest.SbtDigest, com.typesafe.sbt.packager.archetypes.JavaServerAppPackaging, com.typesafe.sbt.jse.SbtJsTask, play.sbt.Play, com.typesafe.sbt.jshint.SbtJSHint, com.typesafe.sbt.mocha.SbtMocha, com.typesafe.sbt.less.SbtLess, com.typesafe.sbt.rjs.SbtRjs, com.typesafe.sbt.coffeescript.SbtCoffeeScript) not found List(play.sbt.PlayScala, play.sbt.PlayNettyServer, play.sbt.PlayLayoutPlugin, play.sbt.forkrun.PlayForkRun)
  :: sorting:: found: List(sbt.plugins.CorePlugin, com.typesafe.sbt.SbtNativePackager, sbt.plugins.InteractionServicePlugin, sbt.plugins.SendEventServicePlugin, sbt.plugins.SerializersPlugin, sbt.plugins.IvyPlugin, com.typesafe.sbt.packager.universal.UniversalPlugin, sbt.plugins.JvmPlugin, com.typesafe.sbt.packager.windows.WindowsPlugin, com.typesafe.sbt.packager.docker.DockerPlugin, com.typesafe.sbt.packager.linux.LinuxPlugin, play.twirl.sbt.SbtTwirl, play.sbt.routes.RoutesCompiler, sbt.plugins.JUnitXmlReportPlugin, sbt.plugins.BackgroundRunPlugin, com.typesafe.sbt.packager.rpm.RpmPlugin, com.typesafe.sbt.web.SbtWeb, com.typesafe.sbt.packager.debian.DebianPlugin, com.typesafe.sbt.packager.archetypes.JavaAppPackaging, com.typesafe.sbt.jse.SbtJsEngine, com.typesafe.sbt.digest.SbtDigest, com.typesafe.sbt.packager.archetypes.JavaServerAppPackaging, com.typesafe.sbt.jse.SbtJsTask, play.sbt.Play, com.typesafe.sbt.jshint.SbtJSHint, com.typesafe.sbt.mocha.SbtMocha, com.typesafe.sbt.less.SbtLess, com.typesafe.sbt.rjs.SbtRjs, com.typesafe.sbt.coffeescript.SbtCoffeeScript, play.sbt.PlayScala, play.sbt.PlayNettyServer, play.sbt.PlayLayoutPlugin, play.sbt.forkrun.PlayForkRun) not found List()
  :: sorted deduced result: List(sbt.plugins.CorePlugin, com.typesafe.sbt.SbtNativePackager, sbt.plugins.InteractionServicePlugin, sbt.plugins.SendEventServicePlugin, sbt.plugins.SerializersPlugin, sbt.plugins.IvyPlugin, com.typesafe.sbt.packager.universal.UniversalPlugin, sbt.plugins.JvmPlugin, com.typesafe.sbt.packager.windows.WindowsPlugin, com.typesafe.sbt.packager.docker.DockerPlugin, com.typesafe.sbt.packager.linux.LinuxPlugin, play.twirl.sbt.SbtTwirl, play.sbt.routes.RoutesCompiler, sbt.plugins.JUnitXmlReportPlugin, sbt.plugins.BackgroundRunPlugin, com.typesafe.sbt.packager.rpm.RpmPlugin, com.typesafe.sbt.web.SbtWeb, com.typesafe.sbt.packager.debian.DebianPlugin, com.typesafe.sbt.packager.archetypes.JavaAppPackaging, com.typesafe.sbt.jse.SbtJsEngine, com.typesafe.sbt.digest.SbtDigest, com.typesafe.sbt.packager.archetypes.JavaServerAppPackaging, com.typesafe.sbt.jse.SbtJsTask, play.sbt.Play, com.typesafe.sbt.jshint.SbtJSHint, com.typesafe.sbt.mocha.SbtMocha, com.typesafe.sbt.less.SbtLess, com.typesafe.sbt.rjs.SbtRjs, com.typesafe.sbt.coffeescript.SbtCoffeeScript, play.sbt.PlayScala, play.sbt.PlayNettyServer, play.sbt.PlayLayoutPlugin, play.sbt.forkrun.PlayForkRun)
[Loading] Done in /home/ferlinux/activator-dist-1.3.6/spinnerbank-api-internal-demo, returning: (root)
Set current project to spinner-bank-pruebas (in build file:/home/ferlinux/activator-dist-1.3.6/spinnerbank-api-internal-demo/)
Reapplying settings...
Set current project to spinner-bank-pruebas (in build file:/home/ferlinux/activator-dist-1.3.6/spinnerbank-api-internal-demo/)
> iflast shell
> server-send-ready-for-request
> server-handle-next-server-request
> {file:/home/ferlinux/activator-dist-1.3.6/spinnerbank-api-internal-demo/}root/compile:discoveredMainClasses
Evaluating tasks: compile:discoveredMainClasses
Running task... Cancel: sbt.server.ServerTaskCancellation@65d24744, check cycles: false

Initial source changes: 
	removed:Set()
	added: Set()
	modified: Set()
Removed products: Set()
External API changes: API Changes: Set()
Modified binary dependencies: Set()
Initial directly invalidated sources: Set()

Sources indirectly invalidated by:
	product: Set()
	binary dep: Set()
	external source: Set()
All initially invalidated sources: Set()

Total time: 3 s, completed 13/11/2015 10:14:23 AM
> server-post-command-cleanup
> server-handle-next-server-request
> {file:/home/ferlinux/activator-dist-1.3.6/spinnerbank-api-internal-demo/}root/compile:mainClass
Evaluating tasks: compile:mainClass
Running task... Cancel: sbt.server.ServerTaskCancellation@3e0dfbbc, check cycles: false
Total time: 0 s, completed 13/11/2015 10:14:23 AM
> server-post-command-cleanup
> server-handle-next-server-request
> {file:/home/ferlinux/activator-dist-1.3.6/spinnerbank-api-internal-demo/}root/compile:discoveredMainClasses
Evaluating tasks: compile:discoveredMainClasses
Running task... Cancel: sbt.server.ServerTaskCancellation@6aadad05, check cycles: false

Initial source changes: 
	removed:Set()
	added: Set()
	modified: Set()
Removed products: Set()
External API changes: API Changes: Set()
Modified binary dependencies: Set()
Initial directly invalidated sources: Set()

Sources indirectly invalidated by:
	product: Set()
	binary dep: Set()
	external source: Set()
All initially invalidated sources: Set()

Total time: 1 s, completed 13/11/2015 10:14:24 AM
> server-post-command-cleanup
> server-handle-next-server-request
> {file:/home/ferlinux/activator-dist-1.3.6/spinnerbank-api-internal-demo/}root/compile:mainClass
Evaluating tasks: compile:mainClass
Running task... Cancel: sbt.server.ServerTaskCancellation@2b59b50f, check cycles: false
Total time: 0 s, completed 13/11/2015 10:14:25 AM
> server-post-command-cleanup
> server-handle-next-server-request
> compile
Evaluating tasks: compile:compile
Running task... Cancel: sbt.server.ServerTaskCancellation@2ec17a10, check cycles: false

Initial source changes: 
	removed:Set()
	added: Set()
	modified: Set(/home/ferlinux/activator-dist-1.3.6/spinnerbank-api-internal-demo/app/controllers/Application.scala)
Removed products: Set()
External API changes: API Changes: Set()
Modified binary dependencies: Set()
Initial directly invalidated sources: Set(/home/ferlinux/activator-dist-1.3.6/spinnerbank-api-internal-demo/app/controllers/Application.scala)

Sources indirectly invalidated by:
	product: Set()
	binary dep: Set()
	external source: Set()
All initially invalidated sources: Set(/home/ferlinux/activator-dist-1.3.6/spinnerbank-api-internal-demo/app/controllers/Application.scala)

Read from stdout: Compiling 1 Scala source to /home/ferlinux/activator-dist-1.3.6/spinnerbank-api-internal-demo/target/scala-2.11/classes...
Compiling 1 Scala source to /home/ferlinux/activator-dist-1.3.6/spinnerbank-api-internal-demo/target/scala-2.11/classes...
Getting compiler-interface from component compiler for Scala 2.11.6
Other repositories:
Default repositories:
Getting compiler-interface from component compiler for Scala 2.11.6
Other repositories:
Default repositories:
Running cached compiler 343a6c6b, interfacing (CompilerInterface) with Scala compiler version 2.11.6
Calling Scala compiler with arguments  (CompilerInterface):
	-deprecation
	-unchecked
	-encoding
	utf8
	-bootclasspath
	/usr/lib/jvm/java-8-oracle/jre/lib/resources.jar:/usr/lib/jvm/java-8-oracle/jre/lib/rt.jar:/usr/lib/jvm/java-8-oracle/jre/lib/sunrsasign.jar:/usr/lib/jvm/java-8-oracle/jre/lib/jsse.jar:/usr/lib/jvm/java-8-oracle/jre/lib/jce.jar:/usr/lib/jvm/java-8-oracle/jre/lib/charsets.jar:/usr/lib/jvm/java-8-oracle/jre/lib/jfr.jar:/usr/lib/jvm/java-8-oracle/jre/classes:/home/ferlinux/activator-dist-1.3.6/repository/org.scala-lang/scala-library/2.11.6/jars/scala-library.jar
	-classpath
	/home/ferlinux/activator-dist-1.3.6/spinnerbank-api-internal-demo/target/scala-2.11/classes:/home/ferlinux/activator-dist-1.3.6/repository/com.typesafe.play/twirl-api_2.11/1.1.1/jars/twirl-api_2.11.jar:/home/ferlinux/activator-dist-1.3.6/repository/org.apache.commons/commons-lang3/3.4/jars/commons-lang3.jar:/home/ferlinux/.ivy2/cache/org.scala-lang.modules/scala-xml_2.11/bundles/scala-xml_2.11-1.0.1.jar:/home/ferlinux/.ivy2/cache/com.typesafe.play/play-server_2.11/jars/play-server_2.11-2.4.3.jar:/home/ferlinux/.ivy2/cache/com.typesafe.play/play_2.11/jars/play_2.11-2.4.3.jar:/home/ferlinux/.ivy2/cache/com.typesafe.play/build-link/jars/build-link-2.4.3.jar:/home/ferlinux/.ivy2/cache/com.typesafe.play/play-exceptions/jars/play-exceptions-2.4.3.jar:/home/ferlinux/activator-dist-1.3.6/repository/org.javassist/javassist/3.19.0-GA/bundles/javassist.jar:/home/ferlinux/.ivy2/cache/com.typesafe.play/play-iteratees_2.11/jars/play-iteratees_2.11-2.4.3.jar:/home/ferlinux/.ivy2/cache/org.scala-stm/scala-stm_2.11/jars/scala-stm_2.11-0.7.jar:/home/ferlinux/activator-dist-1.3.6/repository/com.typesafe/config/1.3.0/bundles/config.jar:/home/ferlinux/.ivy2/cache/com.typesafe.play/play-json_2.11/jars/play-json_2.11-2.4.3.jar:/home/ferlinux/.ivy2/cache/com.typesafe.play/play-functional_2.11/jars/play-functional_2.11-2.4.3.jar:/home/ferlinux/.ivy2/cache/com.typesafe.play/play-datacommons_2.11/jars/play-datacommons_2.11-2.4.3.jar:/home/ferlinux/activator-dist-1.3.6/repository/joda-time/joda-time/2.8.1/jars/joda-time.jar:/home/ferlinux/activator-dist-1.3.6/repository/org.joda/joda-convert/1.7/jars/joda-convert.jar:/home/ferlinux/.ivy2/cache/org.scala-lang/scala-reflect/jars/scala-reflect-2.11.6.jar:/home/ferlinux/activator-dist-1.3.6/repository/com.fasterxml.jackson.core/jackson-core/2.5.4/bundles/jackson-core.jar:/home/ferlinux/activator-dist-1.3.6/repository/com.fasterxml.jackson.core/jackson-annotations/2.5.4/bundles/jackson-annotations.jar:/home/ferlinux/activator-dist-1.3.6/repository/com.fasterxml.jackson.core/jackson-databind/2.5.4/bundles/jackson-databind.jar:/home/ferlinux/activator-dist-1.3.6/repository/com.fasterxml.jackson.datatype/jackson-datatype-jdk8/2.5.4/bundles/jackson-datatype-jdk8.jar:/home/ferlinux/activator-dist-1.3.6/repository/com.fasterxml.jackson.datatype/jackson-datatype-jsr310/2.5.4/bundles/jackson-datatype-jsr310.jar:/home/ferlinux/.ivy2/cache/com.typesafe.play/play-netty-utils/jars/play-netty-utils-2.4.3.jar:/home/ferlinux/activator-dist-1.3.6/repository/org.slf4j/slf4j-api/1.7.12/jars/slf4j-api.jar:/home/ferlinux/activator-dist-1.3.6/repository/org.slf4j/jul-to-slf4j/1.7.12/jars/jul-to-slf4j.jar:/home/ferlinux/activator-dist-1.3.6/repository/org.slf4j/jcl-over-slf4j/1.7.12/jars/jcl-over-slf4j.jar:/home/ferlinux/.ivy2/cache/org.scala-lang.modules/scala-parser-combinators_2.11/bundles/scala-parser-combinators_2.11-1.0.1.jar:/home/ferlinux/activator-dist-1.3.6/repository/ch.qos.logback/logback-core/1.1.3/jars/logback-core.jar:/home/ferlinux/activator-dist-1.3.6/repository/ch.qos.logback/logback-classic/1.1.3/jars/logback-classic.jar:/home/ferlinux/.ivy2/cache/com.typesafe.akka/akka-actor_2.11/jars/akka-actor_2.11-2.3.13.jar:/home/ferlinux/.ivy2/cache/com.typesafe.akka/akka-slf4j_2.11/jars/akka-slf4j_2.11-2.3.13.jar:/home/ferlinux/activator-dist-1.3.6/repository/commons-codec/commons-codec/1.10/jars/commons-codec.jar:/home/ferlinux/.ivy2/cache/xerces/xercesImpl/jars/xercesImpl-2.11.0.jar:/home/ferlinux/.ivy2/cache/xml-apis/xml-apis/jars/xml-apis-1.4.01.jar:/home/ferlinux/.ivy2/cache/javax.transaction/jta/jars/jta-1.1.jar:/home/ferlinux/activator-dist-1.3.6/repository/com.google.inject/guice/4.0/jars/guice.jar:/home/ferlinux/activator-dist-1.3.6/repository/javax.inject/javax.inject/1/jars/javax.inject.jar:/home/ferlinux/activator-dist-1.3.6/repository/aopalliance/aopalliance/1.0/jars/aopalliance.jar:/home/ferlinux/activator-dist-1.3.6/repository/com.google.inject.extensions/guice-assistedinject/4.0/jars/guice-assistedinject.jar:/home/ferlinux/.ivy2/cache/com.typesafe.play/play-netty-server_2.11/jars/play-netty-server_2.11-2.4.3.jar:/home/ferlinux/.ivy2/cache/io.netty/netty/bundles/netty-3.10.4.Final.jar:/home/ferlinux/activator-dist-1.3.6/repository/com.typesafe.netty/netty-http-pipelining/1.1.4/jars/netty-http-pipelining.jar:/home/ferlinux/.ivy2/cache/com.typesafe.play/play-jdbc_2.11/jars/play-jdbc_2.11-2.4.3.jar:/home/ferlinux/.ivy2/cache/com.typesafe.play/play-jdbc-api_2.11/jars/play-jdbc-api_2.11-2.4.3.jar:/home/ferlinux/activator-dist-1.3.6/repository/com.jolbox/bonecp/0.8.0.RELEASE/bundles/bonecp.jar:/home/ferlinux/activator-dist-1.3.6/repository/com.zaxxer/HikariCP/2.3.7/bundles/HikariCP.jar:/home/ferlinux/activator-dist-1.3.6/repository/com.h2database/h2/1.4.187/jars/h2.jar:/home/ferlinux/activator-dist-1.3.6/repository/tyrex/tyrex/1.0.1/jars/tyrex.jar:/home/ferlinux/.ivy2/cache/com.typesafe.play/play-cache_2.11/jars/play-cache_2.11-2.4.3.jar:/home/ferlinux/activator-dist-1.3.6/repository/net.sf.ehcache/ehcache-core/2.6.11/jars/ehcache-core.jar:/home/ferlinux/.ivy2/cache/com.typesafe.play/play-ws_2.11/jars/play-ws_2.11-2.4.3.jar:/home/ferlinux/activator-dist-1.3.6/repository/com.google.guava/guava/18.0/bundles/guava.jar:/home/ferlinux/activator-dist-1.3.6/repository/com.ning/async-http-client/1.9.21/jars/async-http-client.jar:/home/ferlinux/.ivy2/cache/oauth.signpost/signpost-core/jars/signpost-core-1.2.1.2.jar:/home/ferlinux/.ivy2/cache/oauth.signpost/signpost-commonshttp4/jars/signpost-commonshttp4-1.2.1.2.jar:/home/ferlinux/activator-dist-1.3.6/repository/org.apache.httpcomponents/httpcore/4.0.1/jars/httpcore.jar:/home/ferlinux/activator-dist-1.3.6/repository/org.apache.httpcomponents/httpclient/4.0.1/jars/httpclient.jar:/home/ferlinux/.ivy2/cache/commons-logging/commons-logging/jars/commons-logging-1.1.1.jar:/home/ferlinux/.ivy2/cache/com.typesafe.play/filters-helpers_2.11/jars/filters-helpers_2.11-2.4.3.jar
Read from stdout: /home/ferlinux/activator-dist-1.3.6/spinnerbank-api-internal-demo/app/controllers/Application.scala:46: not found: value s
/home/ferlinux/activator-dist-1.3.6/spinnerbank-api-internal-demo/app/controllers/Application.scala:46: not found: value s
Read from stdout: s
s
Read from stdout: ^
^
Read from stdout: one error found
one error found
Compilation failed (CompilerInterface)
Read from stdout: (compile:compileIncremental) Compilation failed
(compile:compileIncremental) Compilation failed
Total time: 9 s, completed 13/11/2015 11:02:33 AM
> server-post-command-error-handler
> server-post-command-cleanup
> server-handle-next-server-request
> compile
Evaluating tasks: compile:compile
Running task... Cancel: sbt.server.ServerTaskCancellation@131fb45, check cycles: false

Initial source changes: 
	removed:Set()
	added: Set()
	modified: Set(/home/ferlinux/activator-dist-1.3.6/spinnerbank-api-internal-demo/app/controllers/Application.scala)
Removed products: Set()
External API changes: API Changes: Set()
Modified binary dependencies: Set()
Initial directly invalidated sources: Set(/home/ferlinux/activator-dist-1.3.6/spinnerbank-api-internal-demo/app/controllers/Application.scala)

Sources indirectly invalidated by:
	product: Set()
	binary dep: Set()
	external source: Set()
All initially invalidated sources: Set(/home/ferlinux/activator-dist-1.3.6/spinnerbank-api-internal-demo/app/controllers/Application.scala)

Read from stdout: Compiling 1 Scala source to /home/ferlinux/activator-dist-1.3.6/spinnerbank-api-internal-demo/target/scala-2.11/classes...
Compiling 1 Scala source to /home/ferlinux/activator-dist-1.3.6/spinnerbank-api-internal-demo/target/scala-2.11/classes...
Getting compiler-interface from component compiler for Scala 2.11.6
Other repositories:
Default repositories:
Getting compiler-interface from component compiler for Scala 2.11.6
Other repositories:
Default repositories:
Running cached compiler 2b718374, interfacing (CompilerInterface) with Scala compiler version 2.11.6
Calling Scala compiler with arguments  (CompilerInterface):
	-deprecation
	-unchecked
	-encoding
	utf8
	-bootclasspath
	/usr/lib/jvm/java-8-oracle/jre/lib/resources.jar:/usr/lib/jvm/java-8-oracle/jre/lib/rt.jar:/usr/lib/jvm/java-8-oracle/jre/lib/sunrsasign.jar:/usr/lib/jvm/java-8-oracle/jre/lib/jsse.jar:/usr/lib/jvm/java-8-oracle/jre/lib/jce.jar:/usr/lib/jvm/java-8-oracle/jre/lib/charsets.jar:/usr/lib/jvm/java-8-oracle/jre/lib/jfr.jar:/usr/lib/jvm/java-8-oracle/jre/classes:/home/ferlinux/activator-dist-1.3.6/repository/org.scala-lang/scala-library/2.11.6/jars/scala-library.jar
	-classpath
	/home/ferlinux/activator-dist-1.3.6/spinnerbank-api-internal-demo/target/scala-2.11/classes:/home/ferlinux/activator-dist-1.3.6/repository/com.typesafe.play/twirl-api_2.11/1.1.1/jars/twirl-api_2.11.jar:/home/ferlinux/activator-dist-1.3.6/repository/org.apache.commons/commons-lang3/3.4/jars/commons-lang3.jar:/home/ferlinux/.ivy2/cache/org.scala-lang.modules/scala-xml_2.11/bundles/scala-xml_2.11-1.0.1.jar:/home/ferlinux/.ivy2/cache/com.typesafe.play/play-server_2.11/jars/play-server_2.11-2.4.3.jar:/home/ferlinux/.ivy2/cache/com.typesafe.play/play_2.11/jars/play_2.11-2.4.3.jar:/home/ferlinux/.ivy2/cache/com.typesafe.play/build-link/jars/build-link-2.4.3.jar:/home/ferlinux/.ivy2/cache/com.typesafe.play/play-exceptions/jars/play-exceptions-2.4.3.jar:/home/ferlinux/activator-dist-1.3.6/repository/org.javassist/javassist/3.19.0-GA/bundles/javassist.jar:/home/ferlinux/.ivy2/cache/com.typesafe.play/play-iteratees_2.11/jars/play-iteratees_2.11-2.4.3.jar:/home/ferlinux/.ivy2/cache/org.scala-stm/scala-stm_2.11/jars/scala-stm_2.11-0.7.jar:/home/ferlinux/activator-dist-1.3.6/repository/com.typesafe/config/1.3.0/bundles/config.jar:/home/ferlinux/.ivy2/cache/com.typesafe.play/play-json_2.11/jars/play-json_2.11-2.4.3.jar:/home/ferlinux/.ivy2/cache/com.typesafe.play/play-functional_2.11/jars/play-functional_2.11-2.4.3.jar:/home/ferlinux/.ivy2/cache/com.typesafe.play/play-datacommons_2.11/jars/play-datacommons_2.11-2.4.3.jar:/home/ferlinux/activator-dist-1.3.6/repository/joda-time/joda-time/2.8.1/jars/joda-time.jar:/home/ferlinux/activator-dist-1.3.6/repository/org.joda/joda-convert/1.7/jars/joda-convert.jar:/home/ferlinux/.ivy2/cache/org.scala-lang/scala-reflect/jars/scala-reflect-2.11.6.jar:/home/ferlinux/activator-dist-1.3.6/repository/com.fasterxml.jackson.core/jackson-core/2.5.4/bundles/jackson-core.jar:/home/ferlinux/activator-dist-1.3.6/repository/com.fasterxml.jackson.core/jackson-annotations/2.5.4/bundles/jackson-annotations.jar:/home/ferlinux/activator-dist-1.3.6/repository/com.fasterxml.jackson.core/jackson-databind/2.5.4/bundles/jackson-databind.jar:/home/ferlinux/activator-dist-1.3.6/repository/com.fasterxml.jackson.datatype/jackson-datatype-jdk8/2.5.4/bundles/jackson-datatype-jdk8.jar:/home/ferlinux/activator-dist-1.3.6/repository/com.fasterxml.jackson.datatype/jackson-datatype-jsr310/2.5.4/bundles/jackson-datatype-jsr310.jar:/home/ferlinux/.ivy2/cache/com.typesafe.play/play-netty-utils/jars/play-netty-utils-2.4.3.jar:/home/ferlinux/activator-dist-1.3.6/repository/org.slf4j/slf4j-api/1.7.12/jars/slf4j-api.jar:/home/ferlinux/activator-dist-1.3.6/repository/org.slf4j/jul-to-slf4j/1.7.12/jars/jul-to-slf4j.jar:/home/ferlinux/activator-dist-1.3.6/repository/org.slf4j/jcl-over-slf4j/1.7.12/jars/jcl-over-slf4j.jar:/home/ferlinux/.ivy2/cache/org.scala-lang.modules/scala-parser-combinators_2.11/bundles/scala-parser-combinators_2.11-1.0.1.jar:/home/ferlinux/activator-dist-1.3.6/repository/ch.qos.logback/logback-core/1.1.3/jars/logback-core.jar:/home/ferlinux/activator-dist-1.3.6/repository/ch.qos.logback/logback-classic/1.1.3/jars/logback-classic.jar:/home/ferlinux/.ivy2/cache/com.typesafe.akka/akka-actor_2.11/jars/akka-actor_2.11-2.3.13.jar:/home/ferlinux/.ivy2/cache/com.typesafe.akka/akka-slf4j_2.11/jars/akka-slf4j_2.11-2.3.13.jar:/home/ferlinux/activator-dist-1.3.6/repository/commons-codec/commons-codec/1.10/jars/commons-codec.jar:/home/ferlinux/.ivy2/cache/xerces/xercesImpl/jars/xercesImpl-2.11.0.jar:/home/ferlinux/.ivy2/cache/xml-apis/xml-apis/jars/xml-apis-1.4.01.jar:/home/ferlinux/.ivy2/cache/javax.transaction/jta/jars/jta-1.1.jar:/home/ferlinux/activator-dist-1.3.6/repository/com.google.inject/guice/4.0/jars/guice.jar:/home/ferlinux/activator-dist-1.3.6/repository/javax.inject/javax.inject/1/jars/javax.inject.jar:/home/ferlinux/activator-dist-1.3.6/repository/aopalliance/aopalliance/1.0/jars/aopalliance.jar:/home/ferlinux/activator-dist-1.3.6/repository/com.google.inject.extensions/guice-assistedinject/4.0/jars/guice-assistedinject.jar:/home/ferlinux/.ivy2/cache/com.typesafe.play/play-netty-server_2.11/jars/play-netty-server_2.11-2.4.3.jar:/home/ferlinux/.ivy2/cache/io.netty/netty/bundles/netty-3.10.4.Final.jar:/home/ferlinux/activator-dist-1.3.6/repository/com.typesafe.netty/netty-http-pipelining/1.1.4/jars/netty-http-pipelining.jar:/home/ferlinux/.ivy2/cache/com.typesafe.play/play-jdbc_2.11/jars/play-jdbc_2.11-2.4.3.jar:/home/ferlinux/.ivy2/cache/com.typesafe.play/play-jdbc-api_2.11/jars/play-jdbc-api_2.11-2.4.3.jar:/home/ferlinux/activator-dist-1.3.6/repository/com.jolbox/bonecp/0.8.0.RELEASE/bundles/bonecp.jar:/home/ferlinux/activator-dist-1.3.6/repository/com.zaxxer/HikariCP/2.3.7/bundles/HikariCP.jar:/home/ferlinux/activator-dist-1.3.6/repository/com.h2database/h2/1.4.187/jars/h2.jar:/home/ferlinux/activator-dist-1.3.6/repository/tyrex/tyrex/1.0.1/jars/tyrex.jar:/home/ferlinux/.ivy2/cache/com.typesafe.play/play-cache_2.11/jars/play-cache_2.11-2.4.3.jar:/home/ferlinux/activator-dist-1.3.6/repository/net.sf.ehcache/ehcache-core/2.6.11/jars/ehcache-core.jar:/home/ferlinux/.ivy2/cache/com.typesafe.play/play-ws_2.11/jars/play-ws_2.11-2.4.3.jar:/home/ferlinux/activator-dist-1.3.6/repository/com.google.guava/guava/18.0/bundles/guava.jar:/home/ferlinux/activator-dist-1.3.6/repository/com.ning/async-http-client/1.9.21/jars/async-http-client.jar:/home/ferlinux/.ivy2/cache/oauth.signpost/signpost-core/jars/signpost-core-1.2.1.2.jar:/home/ferlinux/.ivy2/cache/oauth.signpost/signpost-commonshttp4/jars/signpost-commonshttp4-1.2.1.2.jar:/home/ferlinux/activator-dist-1.3.6/repository/org.apache.httpcomponents/httpcore/4.0.1/jars/httpcore.jar:/home/ferlinux/activator-dist-1.3.6/repository/org.apache.httpcomponents/httpclient/4.0.1/jars/httpclient.jar:/home/ferlinux/.ivy2/cache/commons-logging/commons-logging/jars/commons-logging-1.1.1.jar:/home/ferlinux/.ivy2/cache/com.typesafe.play/filters-helpers_2.11/jars/filters-helpers_2.11-2.4.3.jar
Scala compilation took 6.631464639 s
New invalidations:
	Set()
Initial set of included nodes: Set()
Previously invalidated, but (transitively) depend on new invalidations:
	Set()
All newly invalidated sources after taking into account (previously) recompiled sources:Set()
Total time: 7 s, completed 13/11/2015 11:03:28 AM
> server-post-command-cleanup
> server-handle-next-server-request
> compile
Evaluating tasks: compile:compile
Running task... Cancel: sbt.server.ServerTaskCancellation@1dfc22df, check cycles: false

Initial source changes: 
	removed:Set()
	added: Set()
	modified: Set(/home/ferlinux/activator-dist-1.3.6/spinnerbank-api-internal-demo/app/controllers/Application.scala)
Removed products: Set()
External API changes: API Changes: Set()
Modified binary dependencies: Set()
Initial directly invalidated sources: Set(/home/ferlinux/activator-dist-1.3.6/spinnerbank-api-internal-demo/app/controllers/Application.scala)

Sources indirectly invalidated by:
	product: Set()
	binary dep: Set()
	external source: Set()
All initially invalidated sources: Set(/home/ferlinux/activator-dist-1.3.6/spinnerbank-api-internal-demo/app/controllers/Application.scala)

Read from stdout: Compiling 1 Scala source to /home/ferlinux/activator-dist-1.3.6/spinnerbank-api-internal-demo/target/scala-2.11/classes...
Compiling 1 Scala source to /home/ferlinux/activator-dist-1.3.6/spinnerbank-api-internal-demo/target/scala-2.11/classes...
Getting compiler-interface from component compiler for Scala 2.11.6
Other repositories:
Default repositories:
Getting compiler-interface from component compiler for Scala 2.11.6
Other repositories:
Default repositories:
Running cached compiler 58bb0d55, interfacing (CompilerInterface) with Scala compiler version 2.11.6
Calling Scala compiler with arguments  (CompilerInterface):
	-deprecation
	-unchecked
	-encoding
	utf8
	-bootclasspath
	/usr/lib/jvm/java-8-oracle/jre/lib/resources.jar:/usr/lib/jvm/java-8-oracle/jre/lib/rt.jar:/usr/lib/jvm/java-8-oracle/jre/lib/sunrsasign.jar:/usr/lib/jvm/java-8-oracle/jre/lib/jsse.jar:/usr/lib/jvm/java-8-oracle/jre/lib/jce.jar:/usr/lib/jvm/java-8-oracle/jre/lib/charsets.jar:/usr/lib/jvm/java-8-oracle/jre/lib/jfr.jar:/usr/lib/jvm/java-8-oracle/jre/classes:/home/ferlinux/activator-dist-1.3.6/repository/org.scala-lang/scala-library/2.11.6/jars/scala-library.jar
	-classpath
	/home/ferlinux/activator-dist-1.3.6/spinnerbank-api-internal-demo/target/scala-2.11/classes:/home/ferlinux/activator-dist-1.3.6/repository/com.typesafe.play/twirl-api_2.11/1.1.1/jars/twirl-api_2.11.jar:/home/ferlinux/activator-dist-1.3.6/repository/org.apache.commons/commons-lang3/3.4/jars/commons-lang3.jar:/home/ferlinux/.ivy2/cache/org.scala-lang.modules/scala-xml_2.11/bundles/scala-xml_2.11-1.0.1.jar:/home/ferlinux/.ivy2/cache/com.typesafe.play/play-server_2.11/jars/play-server_2.11-2.4.3.jar:/home/ferlinux/.ivy2/cache/com.typesafe.play/play_2.11/jars/play_2.11-2.4.3.jar:/home/ferlinux/.ivy2/cache/com.typesafe.play/build-link/jars/build-link-2.4.3.jar:/home/ferlinux/.ivy2/cache/com.typesafe.play/play-exceptions/jars/play-exceptions-2.4.3.jar:/home/ferlinux/activator-dist-1.3.6/repository/org.javassist/javassist/3.19.0-GA/bundles/javassist.jar:/home/ferlinux/.ivy2/cache/com.typesafe.play/play-iteratees_2.11/jars/play-iteratees_2.11-2.4.3.jar:/home/ferlinux/.ivy2/cache/org.scala-stm/scala-stm_2.11/jars/scala-stm_2.11-0.7.jar:/home/ferlinux/activator-dist-1.3.6/repository/com.typesafe/config/1.3.0/bundles/config.jar:/home/ferlinux/.ivy2/cache/com.typesafe.play/play-json_2.11/jars/play-json_2.11-2.4.3.jar:/home/ferlinux/.ivy2/cache/com.typesafe.play/play-functional_2.11/jars/play-functional_2.11-2.4.3.jar:/home/ferlinux/.ivy2/cache/com.typesafe.play/play-datacommons_2.11/jars/play-datacommons_2.11-2.4.3.jar:/home/ferlinux/activator-dist-1.3.6/repository/joda-time/joda-time/2.8.1/jars/joda-time.jar:/home/ferlinux/activator-dist-1.3.6/repository/org.joda/joda-convert/1.7/jars/joda-convert.jar:/home/ferlinux/.ivy2/cache/org.scala-lang/scala-reflect/jars/scala-reflect-2.11.6.jar:/home/ferlinux/activator-dist-1.3.6/repository/com.fasterxml.jackson.core/jackson-core/2.5.4/bundles/jackson-core.jar:/home/ferlinux/activator-dist-1.3.6/repository/com.fasterxml.jackson.core/jackson-annotations/2.5.4/bundles/jackson-annotations.jar:/home/ferlinux/activator-dist-1.3.6/repository/com.fasterxml.jackson.core/jackson-databind/2.5.4/bundles/jackson-databind.jar:/home/ferlinux/activator-dist-1.3.6/repository/com.fasterxml.jackson.datatype/jackson-datatype-jdk8/2.5.4/bundles/jackson-datatype-jdk8.jar:/home/ferlinux/activator-dist-1.3.6/repository/com.fasterxml.jackson.datatype/jackson-datatype-jsr310/2.5.4/bundles/jackson-datatype-jsr310.jar:/home/ferlinux/.ivy2/cache/com.typesafe.play/play-netty-utils/jars/play-netty-utils-2.4.3.jar:/home/ferlinux/activator-dist-1.3.6/repository/org.slf4j/slf4j-api/1.7.12/jars/slf4j-api.jar:/home/ferlinux/activator-dist-1.3.6/repository/org.slf4j/jul-to-slf4j/1.7.12/jars/jul-to-slf4j.jar:/home/ferlinux/activator-dist-1.3.6/repository/org.slf4j/jcl-over-slf4j/1.7.12/jars/jcl-over-slf4j.jar:/home/ferlinux/.ivy2/cache/org.scala-lang.modules/scala-parser-combinators_2.11/bundles/scala-parser-combinators_2.11-1.0.1.jar:/home/ferlinux/activator-dist-1.3.6/repository/ch.qos.logback/logback-core/1.1.3/jars/logback-core.jar:/home/ferlinux/activator-dist-1.3.6/repository/ch.qos.logback/logback-classic/1.1.3/jars/logback-classic.jar:/home/ferlinux/.ivy2/cache/com.typesafe.akka/akka-actor_2.11/jars/akka-actor_2.11-2.3.13.jar:/home/ferlinux/.ivy2/cache/com.typesafe.akka/akka-slf4j_2.11/jars/akka-slf4j_2.11-2.3.13.jar:/home/ferlinux/activator-dist-1.3.6/repository/commons-codec/commons-codec/1.10/jars/commons-codec.jar:/home/ferlinux/.ivy2/cache/xerces/xercesImpl/jars/xercesImpl-2.11.0.jar:/home/ferlinux/.ivy2/cache/xml-apis/xml-apis/jars/xml-apis-1.4.01.jar:/home/ferlinux/.ivy2/cache/javax.transaction/jta/jars/jta-1.1.jar:/home/ferlinux/activator-dist-1.3.6/repository/com.google.inject/guice/4.0/jars/guice.jar:/home/ferlinux/activator-dist-1.3.6/repository/javax.inject/javax.inject/1/jars/javax.inject.jar:/home/ferlinux/activator-dist-1.3.6/repository/aopalliance/aopalliance/1.0/jars/aopalliance.jar:/home/ferlinux/activator-dist-1.3.6/repository/com.google.inject.extensions/guice-assistedinject/4.0/jars/guice-assistedinject.jar:/home/ferlinux/.ivy2/cache/com.typesafe.play/play-netty-server_2.11/jars/play-netty-server_2.11-2.4.3.jar:/home/ferlinux/.ivy2/cache/io.netty/netty/bundles/netty-3.10.4.Final.jar:/home/ferlinux/activator-dist-1.3.6/repository/com.typesafe.netty/netty-http-pipelining/1.1.4/jars/netty-http-pipelining.jar:/home/ferlinux/.ivy2/cache/com.typesafe.play/play-jdbc_2.11/jars/play-jdbc_2.11-2.4.3.jar:/home/ferlinux/.ivy2/cache/com.typesafe.play/play-jdbc-api_2.11/jars/play-jdbc-api_2.11-2.4.3.jar:/home/ferlinux/activator-dist-1.3.6/repository/com.jolbox/bonecp/0.8.0.RELEASE/bundles/bonecp.jar:/home/ferlinux/activator-dist-1.3.6/repository/com.zaxxer/HikariCP/2.3.7/bundles/HikariCP.jar:/home/ferlinux/activator-dist-1.3.6/repository/com.h2database/h2/1.4.187/jars/h2.jar:/home/ferlinux/activator-dist-1.3.6/repository/tyrex/tyrex/1.0.1/jars/tyrex.jar:/home/ferlinux/.ivy2/cache/com.typesafe.play/play-cache_2.11/jars/play-cache_2.11-2.4.3.jar:/home/ferlinux/activator-dist-1.3.6/repository/net.sf.ehcache/ehcache-core/2.6.11/jars/ehcache-core.jar:/home/ferlinux/.ivy2/cache/com.typesafe.play/play-ws_2.11/jars/play-ws_2.11-2.4.3.jar:/home/ferlinux/activator-dist-1.3.6/repository/com.google.guava/guava/18.0/bundles/guava.jar:/home/ferlinux/activator-dist-1.3.6/repository/com.ning/async-http-client/1.9.21/jars/async-http-client.jar:/home/ferlinux/.ivy2/cache/oauth.signpost/signpost-core/jars/signpost-core-1.2.1.2.jar:/home/ferlinux/.ivy2/cache/oauth.signpost/signpost-commonshttp4/jars/signpost-commonshttp4-1.2.1.2.jar:/home/ferlinux/activator-dist-1.3.6/repository/org.apache.httpcomponents/httpcore/4.0.1/jars/httpcore.jar:/home/ferlinux/activator-dist-1.3.6/repository/org.apache.httpcomponents/httpclient/4.0.1/jars/httpclient.jar:/home/ferlinux/.ivy2/cache/commons-logging/commons-logging/jars/commons-logging-1.1.1.jar:/home/ferlinux/.ivy2/cache/com.typesafe.play/filters-helpers_2.11/jars/filters-helpers_2.11-2.4.3.jar
Scala compilation took 3.632795533 s
New invalidations:
	Set()
Initial set of included nodes: Set()
Previously invalidated, but (transitively) depend on new invalidations:
	Set()
All newly invalidated sources after taking into account (previously) recompiled sources:Set()
Total time: 4 s, completed 13/11/2015 11:13:17 AM
> server-post-command-cleanup
> server-handle-next-server-request
> compile
Evaluating tasks: compile:compile
Running task... Cancel: sbt.server.ServerTaskCancellation@34b6ebeb, check cycles: false

Initial source changes: 
	removed:Set()
	added: Set()
	modified: Set(/home/ferlinux/activator-dist-1.3.6/spinnerbank-api-internal-demo/app/controllers/Application.scala)
Removed products: Set()
External API changes: API Changes: Set()
Modified binary dependencies: Set()
Initial directly invalidated sources: Set(/home/ferlinux/activator-dist-1.3.6/spinnerbank-api-internal-demo/app/controllers/Application.scala)

Sources indirectly invalidated by:
	product: Set()
	binary dep: Set()
	external source: Set()
All initially invalidated sources: Set(/home/ferlinux/activator-dist-1.3.6/spinnerbank-api-internal-demo/app/controllers/Application.scala)

Read from stdout: Compiling 1 Scala source to /home/ferlinux/activator-dist-1.3.6/spinnerbank-api-internal-demo/target/scala-2.11/classes...
Compiling 1 Scala source to /home/ferlinux/activator-dist-1.3.6/spinnerbank-api-internal-demo/target/scala-2.11/classes...
Getting compiler-interface from component compiler for Scala 2.11.6
Other repositories:
Default repositories:
Getting compiler-interface from component compiler for Scala 2.11.6
Other repositories:
Default repositories:
Running cached compiler 2a4f738b, interfacing (CompilerInterface) with Scala compiler version 2.11.6
Calling Scala compiler with arguments  (CompilerInterface):
	-deprecation
	-unchecked
	-encoding
	utf8
	-bootclasspath
	/usr/lib/jvm/java-8-oracle/jre/lib/resources.jar:/usr/lib/jvm/java-8-oracle/jre/lib/rt.jar:/usr/lib/jvm/java-8-oracle/jre/lib/sunrsasign.jar:/usr/lib/jvm/java-8-oracle/jre/lib/jsse.jar:/usr/lib/jvm/java-8-oracle/jre/lib/jce.jar:/usr/lib/jvm/java-8-oracle/jre/lib/charsets.jar:/usr/lib/jvm/java-8-oracle/jre/lib/jfr.jar:/usr/lib/jvm/java-8-oracle/jre/classes:/home/ferlinux/activator-dist-1.3.6/repository/org.scala-lang/scala-library/2.11.6/jars/scala-library.jar
	-classpath
	/home/ferlinux/activator-dist-1.3.6/spinnerbank-api-internal-demo/target/scala-2.11/classes:/home/ferlinux/activator-dist-1.3.6/repository/com.typesafe.play/twirl-api_2.11/1.1.1/jars/twirl-api_2.11.jar:/home/ferlinux/activator-dist-1.3.6/repository/org.apache.commons/commons-lang3/3.4/jars/commons-lang3.jar:/home/ferlinux/.ivy2/cache/org.scala-lang.modules/scala-xml_2.11/bundles/scala-xml_2.11-1.0.1.jar:/home/ferlinux/.ivy2/cache/com.typesafe.play/play-server_2.11/jars/play-server_2.11-2.4.3.jar:/home/ferlinux/.ivy2/cache/com.typesafe.play/play_2.11/jars/play_2.11-2.4.3.jar:/home/ferlinux/.ivy2/cache/com.typesafe.play/build-link/jars/build-link-2.4.3.jar:/home/ferlinux/.ivy2/cache/com.typesafe.play/play-exceptions/jars/play-exceptions-2.4.3.jar:/home/ferlinux/activator-dist-1.3.6/repository/org.javassist/javassist/3.19.0-GA/bundles/javassist.jar:/home/ferlinux/.ivy2/cache/com.typesafe.play/play-iteratees_2.11/jars/play-iteratees_2.11-2.4.3.jar:/home/ferlinux/.ivy2/cache/org.scala-stm/scala-stm_2.11/jars/scala-stm_2.11-0.7.jar:/home/ferlinux/activator-dist-1.3.6/repository/com.typesafe/config/1.3.0/bundles/config.jar:/home/ferlinux/.ivy2/cache/com.typesafe.play/play-json_2.11/jars/play-json_2.11-2.4.3.jar:/home/ferlinux/.ivy2/cache/com.typesafe.play/play-functional_2.11/jars/play-functional_2.11-2.4.3.jar:/home/ferlinux/.ivy2/cache/com.typesafe.play/play-datacommons_2.11/jars/play-datacommons_2.11-2.4.3.jar:/home/ferlinux/activator-dist-1.3.6/repository/joda-time/joda-time/2.8.1/jars/joda-time.jar:/home/ferlinux/activator-dist-1.3.6/repository/org.joda/joda-convert/1.7/jars/joda-convert.jar:/home/ferlinux/.ivy2/cache/org.scala-lang/scala-reflect/jars/scala-reflect-2.11.6.jar:/home/ferlinux/activator-dist-1.3.6/repository/com.fasterxml.jackson.core/jackson-core/2.5.4/bundles/jackson-core.jar:/home/ferlinux/activator-dist-1.3.6/repository/com.fasterxml.jackson.core/jackson-annotations/2.5.4/bundles/jackson-annotations.jar:/home/ferlinux/activator-dist-1.3.6/repository/com.fasterxml.jackson.core/jackson-databind/2.5.4/bundles/jackson-databind.jar:/home/ferlinux/activator-dist-1.3.6/repository/com.fasterxml.jackson.datatype/jackson-datatype-jdk8/2.5.4/bundles/jackson-datatype-jdk8.jar:/home/ferlinux/activator-dist-1.3.6/repository/com.fasterxml.jackson.datatype/jackson-datatype-jsr310/2.5.4/bundles/jackson-datatype-jsr310.jar:/home/ferlinux/.ivy2/cache/com.typesafe.play/play-netty-utils/jars/play-netty-utils-2.4.3.jar:/home/ferlinux/activator-dist-1.3.6/repository/org.slf4j/slf4j-api/1.7.12/jars/slf4j-api.jar:/home/ferlinux/activator-dist-1.3.6/repository/org.slf4j/jul-to-slf4j/1.7.12/jars/jul-to-slf4j.jar:/home/ferlinux/activator-dist-1.3.6/repository/org.slf4j/jcl-over-slf4j/1.7.12/jars/jcl-over-slf4j.jar:/home/ferlinux/.ivy2/cache/org.scala-lang.modules/scala-parser-combinators_2.11/bundles/scala-parser-combinators_2.11-1.0.1.jar:/home/ferlinux/activator-dist-1.3.6/repository/ch.qos.logback/logback-core/1.1.3/jars/logback-core.jar:/home/ferlinux/activator-dist-1.3.6/repository/ch.qos.logback/logback-classic/1.1.3/jars/logback-classic.jar:/home/ferlinux/.ivy2/cache/com.typesafe.akka/akka-actor_2.11/jars/akka-actor_2.11-2.3.13.jar:/home/ferlinux/.ivy2/cache/com.typesafe.akka/akka-slf4j_2.11/jars/akka-slf4j_2.11-2.3.13.jar:/home/ferlinux/activator-dist-1.3.6/repository/commons-codec/commons-codec/1.10/jars/commons-codec.jar:/home/ferlinux/.ivy2/cache/xerces/xercesImpl/jars/xercesImpl-2.11.0.jar:/home/ferlinux/.ivy2/cache/xml-apis/xml-apis/jars/xml-apis-1.4.01.jar:/home/ferlinux/.ivy2/cache/javax.transaction/jta/jars/jta-1.1.jar:/home/ferlinux/activator-dist-1.3.6/repository/com.google.inject/guice/4.0/jars/guice.jar:/home/ferlinux/activator-dist-1.3.6/repository/javax.inject/javax.inject/1/jars/javax.inject.jar:/home/ferlinux/activator-dist-1.3.6/repository/aopalliance/aopalliance/1.0/jars/aopalliance.jar:/home/ferlinux/activator-dist-1.3.6/repository/com.google.inject.extensions/guice-assistedinject/4.0/jars/guice-assistedinject.jar:/home/ferlinux/.ivy2/cache/com.typesafe.play/play-netty-server_2.11/jars/play-netty-server_2.11-2.4.3.jar:/home/ferlinux/.ivy2/cache/io.netty/netty/bundles/netty-3.10.4.Final.jar:/home/ferlinux/activator-dist-1.3.6/repository/com.typesafe.netty/netty-http-pipelining/1.1.4/jars/netty-http-pipelining.jar:/home/ferlinux/.ivy2/cache/com.typesafe.play/play-jdbc_2.11/jars/play-jdbc_2.11-2.4.3.jar:/home/ferlinux/.ivy2/cache/com.typesafe.play/play-jdbc-api_2.11/jars/play-jdbc-api_2.11-2.4.3.jar:/home/ferlinux/activator-dist-1.3.6/repository/com.jolbox/bonecp/0.8.0.RELEASE/bundles/bonecp.jar:/home/ferlinux/activator-dist-1.3.6/repository/com.zaxxer/HikariCP/2.3.7/bundles/HikariCP.jar:/home/ferlinux/activator-dist-1.3.6/repository/com.h2database/h2/1.4.187/jars/h2.jar:/home/ferlinux/activator-dist-1.3.6/repository/tyrex/tyrex/1.0.1/jars/tyrex.jar:/home/ferlinux/.ivy2/cache/com.typesafe.play/play-cache_2.11/jars/play-cache_2.11-2.4.3.jar:/home/ferlinux/activator-dist-1.3.6/repository/net.sf.ehcache/ehcache-core/2.6.11/jars/ehcache-core.jar:/home/ferlinux/.ivy2/cache/com.typesafe.play/play-ws_2.11/jars/play-ws_2.11-2.4.3.jar:/home/ferlinux/activator-dist-1.3.6/repository/com.google.guava/guava/18.0/bundles/guava.jar:/home/ferlinux/activator-dist-1.3.6/repository/com.ning/async-http-client/1.9.21/jars/async-http-client.jar:/home/ferlinux/.ivy2/cache/oauth.signpost/signpost-core/jars/signpost-core-1.2.1.2.jar:/home/ferlinux/.ivy2/cache/oauth.signpost/signpost-commonshttp4/jars/signpost-commonshttp4-1.2.1.2.jar:/home/ferlinux/activator-dist-1.3.6/repository/org.apache.httpcomponents/httpcore/4.0.1/jars/httpcore.jar:/home/ferlinux/activator-dist-1.3.6/repository/org.apache.httpcomponents/httpclient/4.0.1/jars/httpclient.jar:/home/ferlinux/.ivy2/cache/commons-logging/commons-logging/jars/commons-logging-1.1.1.jar:/home/ferlinux/.ivy2/cache/com.typesafe.play/filters-helpers_2.11/jars/filters-helpers_2.11-2.4.3.jar
Read from stdout: /home/ferlinux/activator-dist-1.3.6/spinnerbank-api-internal-demo/app/controllers/Application.scala:58: No Json serializer found for type (String, String). Try to implement an implicit Writes or Format for this type.
/home/ferlinux/activator-dist-1.3.6/spinnerbank-api-internal-demo/app/controllers/Application.scala:58: No Json serializer found for type (String, String). Try to implement an implicit Writes or Format for this type.
Read from stdout: Ok(Json.toJson("hola","hola")).withHeaders(
          Ok(Json.toJson("hola","hola")).withHeaders(
Read from stdout: ^
                        ^
Read from stdout: one error found
one error found
Compilation failed (CompilerInterface)
Read from stdout: (compile:compileIncremental) Compilation failed
(compile:compileIncremental) Compilation failed
Total time: 2 s, completed 13/11/2015 11:13:46 AM
> server-post-command-error-handler
> server-post-command-cleanup
> server-handle-next-server-request
> compile
Evaluating tasks: compile:compile
Running task... Cancel: sbt.server.ServerTaskCancellation@df6d5f4, check cycles: false

Initial source changes: 
	removed:Set()
	added: Set()
	modified: Set()
Removed products: Set()
External API changes: API Changes: Set()
Modified binary dependencies: Set()
Initial directly invalidated sources: Set()

Sources indirectly invalidated by:
	product: Set()
	binary dep: Set()
	external source: Set()
All initially invalidated sources: Set()

Total time: 0 s, completed 13/11/2015 11:14:09 AM
> server-post-command-cleanup
> server-handle-next-server-request
> backgroundRun
Evaluating tasks: compile:backgroundRun
Running task... Cancel: sbt.server.ServerTaskCancellation@2281ceef, check cycles: false
Total time: 0 s, completed 13/11/2015 11:14:14 AM
> server-post-command-cleanup
> server-handle-next-server-request
> {file:/home/ferlinux/activator-dist-1.3.6/spinnerbank-api-internal-demo/}root/*:playForkConfig
Evaluating tasks: *:playForkConfig
Running task... Cancel: sbt.server.ServerTaskCancellation@776328e5, check cycles: false
Total time: 0 s, completed 13/11/2015 11:14:18 AM
> server-post-command-cleanup
> server-handle-next-server-request
> root/playForkNotifyStart http://localhost:9000
Evaluating tasks: *:playForkNotifyStart
Running task... Cancel: sbt.server.ServerTaskCancellation@2b94086e, check cycles: false
Total time: 0 s, completed 13/11/2015 11:14:21 AM
> server-post-command-cleanup
> server-handle-next-server-request
> {file:/home/ferlinux/activator-dist-1.3.6/spinnerbank-api-internal-demo/}root/*:playForkReload
Evaluating tasks: *:playForkReload
Running task... Cancel: sbt.server.ServerTaskCancellation@4b98949, check cycles: false

Initial source changes: 
	removed:Set()
	added: Set()
	modified: Set()
Removed products: Set()
External API changes: API Changes: Set()
Modified binary dependencies: Set()
Initial directly invalidated sources: Set()

Sources indirectly invalidated by:
	product: Set()
	binary dep: Set()
	external source: Set()
All initially invalidated sources: Set()

Copy resource mappings: 
	(/home/ferlinux/activator-dist-1.3.6/spinnerbank-api-internal-demo/conf/application.conf,/home/ferlinux/activator-dist-1.3.6/spinnerbank-api-internal-demo/target/scala-2.11/classes/application.conf)
	(/home/ferlinux/activator-dist-1.3.6/spinnerbank-api-internal-demo/conf/routes,/home/ferlinux/activator-dist-1.3.6/spinnerbank-api-internal-demo/target/scala-2.11/classes/routes)
	(/home/ferlinux/activator-dist-1.3.6/spinnerbank-api-internal-demo/conf/logback.xml,/home/ferlinux/activator-dist-1.3.6/spinnerbank-api-internal-demo/target/scala-2.11/classes/logback.xml)
Warning: node.js detection failed, sbt will use the Rhino based Trireme JavaScript engine instead to run JavaScript assets compilation, which in some cases may be orders of magnitude slower than using node.js.
Total time: 2 s, completed 13/11/2015 11:14:43 AM
> server-post-command-cleanup
> server-handle-next-server-request
> {file:/home/ferlinux/activator-dist-1.3.6/spinnerbank-api-internal-demo/}root/*:playForkReload
Evaluating tasks: *:playForkReload
Running task... Cancel: sbt.server.ServerTaskCancellation@5ee0580c, check cycles: false

Initial source changes: 
	removed:Set()
	added: Set()
	modified: Set(/home/ferlinux/activator-dist-1.3.6/spinnerbank-api-internal-demo/app/controllers/Application.scala)
Removed products: Set()
External API changes: API Changes: Set()
Modified binary dependencies: Set()
Initial directly invalidated sources: Set(/home/ferlinux/activator-dist-1.3.6/spinnerbank-api-internal-demo/app/controllers/Application.scala)

Sources indirectly invalidated by:
	product: Set()
	binary dep: Set()
	external source: Set()
All initially invalidated sources: Set(/home/ferlinux/activator-dist-1.3.6/spinnerbank-api-internal-demo/app/controllers/Application.scala)

Read from stdout: Compiling 1 Scala source to /home/ferlinux/activator-dist-1.3.6/spinnerbank-api-internal-demo/target/scala-2.11/classes...
Compiling 1 Scala source to /home/ferlinux/activator-dist-1.3.6/spinnerbank-api-internal-demo/target/scala-2.11/classes...
Getting compiler-interface from component compiler for Scala 2.11.6
Other repositories:
Default repositories:
Getting compiler-interface from component compiler for Scala 2.11.6
Other repositories:
Default repositories:
Running cached compiler 621be053, interfacing (CompilerInterface) with Scala compiler version 2.11.6
Calling Scala compiler with arguments  (CompilerInterface):
	-deprecation
	-unchecked
	-encoding
	utf8
	-bootclasspath
	/usr/lib/jvm/java-8-oracle/jre/lib/resources.jar:/usr/lib/jvm/java-8-oracle/jre/lib/rt.jar:/usr/lib/jvm/java-8-oracle/jre/lib/sunrsasign.jar:/usr/lib/jvm/java-8-oracle/jre/lib/jsse.jar:/usr/lib/jvm/java-8-oracle/jre/lib/jce.jar:/usr/lib/jvm/java-8-oracle/jre/lib/charsets.jar:/usr/lib/jvm/java-8-oracle/jre/lib/jfr.jar:/usr/lib/jvm/java-8-oracle/jre/classes:/home/ferlinux/activator-dist-1.3.6/repository/org.scala-lang/scala-library/2.11.6/jars/scala-library.jar
	-classpath
	/home/ferlinux/activator-dist-1.3.6/spinnerbank-api-internal-demo/target/scala-2.11/classes:/home/ferlinux/activator-dist-1.3.6/repository/com.typesafe.play/twirl-api_2.11/1.1.1/jars/twirl-api_2.11.jar:/home/ferlinux/activator-dist-1.3.6/repository/org.apache.commons/commons-lang3/3.4/jars/commons-lang3.jar:/home/ferlinux/.ivy2/cache/org.scala-lang.modules/scala-xml_2.11/bundles/scala-xml_2.11-1.0.1.jar:/home/ferlinux/.ivy2/cache/com.typesafe.play/play-server_2.11/jars/play-server_2.11-2.4.3.jar:/home/ferlinux/.ivy2/cache/com.typesafe.play/play_2.11/jars/play_2.11-2.4.3.jar:/home/ferlinux/.ivy2/cache/com.typesafe.play/build-link/jars/build-link-2.4.3.jar:/home/ferlinux/.ivy2/cache/com.typesafe.play/play-exceptions/jars/play-exceptions-2.4.3.jar:/home/ferlinux/activator-dist-1.3.6/repository/org.javassist/javassist/3.19.0-GA/bundles/javassist.jar:/home/ferlinux/.ivy2/cache/com.typesafe.play/play-iteratees_2.11/jars/play-iteratees_2.11-2.4.3.jar:/home/ferlinux/.ivy2/cache/org.scala-stm/scala-stm_2.11/jars/scala-stm_2.11-0.7.jar:/home/ferlinux/activator-dist-1.3.6/repository/com.typesafe/config/1.3.0/bundles/config.jar:/home/ferlinux/.ivy2/cache/com.typesafe.play/play-json_2.11/jars/play-json_2.11-2.4.3.jar:/home/ferlinux/.ivy2/cache/com.typesafe.play/play-functional_2.11/jars/play-functional_2.11-2.4.3.jar:/home/ferlinux/.ivy2/cache/com.typesafe.play/play-datacommons_2.11/jars/play-datacommons_2.11-2.4.3.jar:/home/ferlinux/activator-dist-1.3.6/repository/joda-time/joda-time/2.8.1/jars/joda-time.jar:/home/ferlinux/activator-dist-1.3.6/repository/org.joda/joda-convert/1.7/jars/joda-convert.jar:/home/ferlinux/.ivy2/cache/org.scala-lang/scala-reflect/jars/scala-reflect-2.11.6.jar:/home/ferlinux/activator-dist-1.3.6/repository/com.fasterxml.jackson.core/jackson-core/2.5.4/bundles/jackson-core.jar:/home/ferlinux/activator-dist-1.3.6/repository/com.fasterxml.jackson.core/jackson-annotations/2.5.4/bundles/jackson-annotations.jar:/home/ferlinux/activator-dist-1.3.6/repository/com.fasterxml.jackson.core/jackson-databind/2.5.4/bundles/jackson-databind.jar:/home/ferlinux/activator-dist-1.3.6/repository/com.fasterxml.jackson.datatype/jackson-datatype-jdk8/2.5.4/bundles/jackson-datatype-jdk8.jar:/home/ferlinux/activator-dist-1.3.6/repository/com.fasterxml.jackson.datatype/jackson-datatype-jsr310/2.5.4/bundles/jackson-datatype-jsr310.jar:/home/ferlinux/.ivy2/cache/com.typesafe.play/play-netty-utils/jars/play-netty-utils-2.4.3.jar:/home/ferlinux/activator-dist-1.3.6/repository/org.slf4j/slf4j-api/1.7.12/jars/slf4j-api.jar:/home/ferlinux/activator-dist-1.3.6/repository/org.slf4j/jul-to-slf4j/1.7.12/jars/jul-to-slf4j.jar:/home/ferlinux/activator-dist-1.3.6/repository/org.slf4j/jcl-over-slf4j/1.7.12/jars/jcl-over-slf4j.jar:/home/ferlinux/.ivy2/cache/org.scala-lang.modules/scala-parser-combinators_2.11/bundles/scala-parser-combinators_2.11-1.0.1.jar:/home/ferlinux/activator-dist-1.3.6/repository/ch.qos.logback/logback-core/1.1.3/jars/logback-core.jar:/home/ferlinux/activator-dist-1.3.6/repository/ch.qos.logback/logback-classic/1.1.3/jars/logback-classic.jar:/home/ferlinux/.ivy2/cache/com.typesafe.akka/akka-actor_2.11/jars/akka-actor_2.11-2.3.13.jar:/home/ferlinux/.ivy2/cache/com.typesafe.akka/akka-slf4j_2.11/jars/akka-slf4j_2.11-2.3.13.jar:/home/ferlinux/activator-dist-1.3.6/repository/commons-codec/commons-codec/1.10/jars/commons-codec.jar:/home/ferlinux/.ivy2/cache/xerces/xercesImpl/jars/xercesImpl-2.11.0.jar:/home/ferlinux/.ivy2/cache/xml-apis/xml-apis/jars/xml-apis-1.4.01.jar:/home/ferlinux/.ivy2/cache/javax.transaction/jta/jars/jta-1.1.jar:/home/ferlinux/activator-dist-1.3.6/repository/com.google.inject/guice/4.0/jars/guice.jar:/home/ferlinux/activator-dist-1.3.6/repository/javax.inject/javax.inject/1/jars/javax.inject.jar:/home/ferlinux/activator-dist-1.3.6/repository/aopalliance/aopalliance/1.0/jars/aopalliance.jar:/home/ferlinux/activator-dist-1.3.6/repository/com.google.inject.extensions/guice-assistedinject/4.0/jars/guice-assistedinject.jar:/home/ferlinux/.ivy2/cache/com.typesafe.play/play-netty-server_2.11/jars/play-netty-server_2.11-2.4.3.jar:/home/ferlinux/.ivy2/cache/io.netty/netty/bundles/netty-3.10.4.Final.jar:/home/ferlinux/activator-dist-1.3.6/repository/com.typesafe.netty/netty-http-pipelining/1.1.4/jars/netty-http-pipelining.jar:/home/ferlinux/.ivy2/cache/com.typesafe.play/play-jdbc_2.11/jars/play-jdbc_2.11-2.4.3.jar:/home/ferlinux/.ivy2/cache/com.typesafe.play/play-jdbc-api_2.11/jars/play-jdbc-api_2.11-2.4.3.jar:/home/ferlinux/activator-dist-1.3.6/repository/com.jolbox/bonecp/0.8.0.RELEASE/bundles/bonecp.jar:/home/ferlinux/activator-dist-1.3.6/repository/com.zaxxer/HikariCP/2.3.7/bundles/HikariCP.jar:/home/ferlinux/activator-dist-1.3.6/repository/com.h2database/h2/1.4.187/jars/h2.jar:/home/ferlinux/activator-dist-1.3.6/repository/tyrex/tyrex/1.0.1/jars/tyrex.jar:/home/ferlinux/.ivy2/cache/com.typesafe.play/play-cache_2.11/jars/play-cache_2.11-2.4.3.jar:/home/ferlinux/activator-dist-1.3.6/repository/net.sf.ehcache/ehcache-core/2.6.11/jars/ehcache-core.jar:/home/ferlinux/.ivy2/cache/com.typesafe.play/play-ws_2.11/jars/play-ws_2.11-2.4.3.jar:/home/ferlinux/activator-dist-1.3.6/repository/com.google.guava/guava/18.0/bundles/guava.jar:/home/ferlinux/activator-dist-1.3.6/repository/com.ning/async-http-client/1.9.21/jars/async-http-client.jar:/home/ferlinux/.ivy2/cache/oauth.signpost/signpost-core/jars/signpost-core-1.2.1.2.jar:/home/ferlinux/.ivy2/cache/oauth.signpost/signpost-commonshttp4/jars/signpost-commonshttp4-1.2.1.2.jar:/home/ferlinux/activator-dist-1.3.6/repository/org.apache.httpcomponents/httpcore/4.0.1/jars/httpcore.jar:/home/ferlinux/activator-dist-1.3.6/repository/org.apache.httpcomponents/httpclient/4.0.1/jars/httpclient.jar:/home/ferlinux/.ivy2/cache/commons-logging/commons-logging/jars/commons-logging-1.1.1.jar:/home/ferlinux/.ivy2/cache/com.typesafe.play/filters-helpers_2.11/jars/filters-helpers_2.11-2.4.3.jar
Scala compilation took 1.895101113 s
New invalidations:
	Set()
Initial set of included nodes: Set()
Previously invalidated, but (transitively) depend on new invalidations:
	Set()
All newly invalidated sources after taking into account (previously) recompiled sources:Set()
Copy resource mappings: 
	(/home/ferlinux/activator-dist-1.3.6/spinnerbank-api-internal-demo/conf/application.conf,/home/ferlinux/activator-dist-1.3.6/spinnerbank-api-internal-demo/target/scala-2.11/classes/application.conf)
	(/home/ferlinux/activator-dist-1.3.6/spinnerbank-api-internal-demo/conf/routes,/home/ferlinux/activator-dist-1.3.6/spinnerbank-api-internal-demo/target/scala-2.11/classes/routes)
	(/home/ferlinux/activator-dist-1.3.6/spinnerbank-api-internal-demo/conf/logback.xml,/home/ferlinux/activator-dist-1.3.6/spinnerbank-api-internal-demo/target/scala-2.11/classes/logback.xml)
Total time: 3 s, completed 13/11/2015 11:17:08 AM
> server-post-command-cleanup
> server-handle-next-server-request
> jobStop 1
Evaluating tasks: *:jobStop
Running task... Cancel: sbt.server.ServerTaskCancellation@7c6108dd, check cycles: false
Total time: 0 s, completed 13/11/2015 11:17:40 AM
> server-post-command-cleanup
> server-handle-next-server-request
> compile
Evaluating tasks: compile:compile
Running task... Cancel: sbt.server.ServerTaskCancellation@1b66c64e, check cycles: false

Initial source changes: 
	removed:Set()
	added: Set()
	modified: Set(/home/ferlinux/activator-dist-1.3.6/spinnerbank-api-internal-demo/app/controllers/Application.scala)
Removed products: Set()
External API changes: API Changes: Set()
Modified binary dependencies: Set()
Initial directly invalidated sources: Set(/home/ferlinux/activator-dist-1.3.6/spinnerbank-api-internal-demo/app/controllers/Application.scala)

Sources indirectly invalidated by:
	product: Set()
	binary dep: Set()
	external source: Set()
All initially invalidated sources: Set(/home/ferlinux/activator-dist-1.3.6/spinnerbank-api-internal-demo/app/controllers/Application.scala)

Read from stdout: Compiling 1 Scala source to /home/ferlinux/activator-dist-1.3.6/spinnerbank-api-internal-demo/target/scala-2.11/classes...
Compiling 1 Scala source to /home/ferlinux/activator-dist-1.3.6/spinnerbank-api-internal-demo/target/scala-2.11/classes...
Getting compiler-interface from component compiler for Scala 2.11.6
Other repositories:
Default repositories:
Getting compiler-interface from component compiler for Scala 2.11.6
Other repositories:
Default repositories:
Running cached compiler 554b507f, interfacing (CompilerInterface) with Scala compiler version 2.11.6
Calling Scala compiler with arguments  (CompilerInterface):
	-deprecation
	-unchecked
	-encoding
	utf8
	-bootclasspath
	/usr/lib/jvm/java-8-oracle/jre/lib/resources.jar:/usr/lib/jvm/java-8-oracle/jre/lib/rt.jar:/usr/lib/jvm/java-8-oracle/jre/lib/sunrsasign.jar:/usr/lib/jvm/java-8-oracle/jre/lib/jsse.jar:/usr/lib/jvm/java-8-oracle/jre/lib/jce.jar:/usr/lib/jvm/java-8-oracle/jre/lib/charsets.jar:/usr/lib/jvm/java-8-oracle/jre/lib/jfr.jar:/usr/lib/jvm/java-8-oracle/jre/classes:/home/ferlinux/activator-dist-1.3.6/repository/org.scala-lang/scala-library/2.11.6/jars/scala-library.jar
	-classpath
	/home/ferlinux/activator-dist-1.3.6/spinnerbank-api-internal-demo/target/scala-2.11/classes:/home/ferlinux/activator-dist-1.3.6/repository/com.typesafe.play/twirl-api_2.11/1.1.1/jars/twirl-api_2.11.jar:/home/ferlinux/activator-dist-1.3.6/repository/org.apache.commons/commons-lang3/3.4/jars/commons-lang3.jar:/home/ferlinux/.ivy2/cache/org.scala-lang.modules/scala-xml_2.11/bundles/scala-xml_2.11-1.0.1.jar:/home/ferlinux/.ivy2/cache/com.typesafe.play/play-server_2.11/jars/play-server_2.11-2.4.3.jar:/home/ferlinux/.ivy2/cache/com.typesafe.play/play_2.11/jars/play_2.11-2.4.3.jar:/home/ferlinux/.ivy2/cache/com.typesafe.play/build-link/jars/build-link-2.4.3.jar:/home/ferlinux/.ivy2/cache/com.typesafe.play/play-exceptions/jars/play-exceptions-2.4.3.jar:/home/ferlinux/activator-dist-1.3.6/repository/org.javassist/javassist/3.19.0-GA/bundles/javassist.jar:/home/ferlinux/.ivy2/cache/com.typesafe.play/play-iteratees_2.11/jars/play-iteratees_2.11-2.4.3.jar:/home/ferlinux/.ivy2/cache/org.scala-stm/scala-stm_2.11/jars/scala-stm_2.11-0.7.jar:/home/ferlinux/activator-dist-1.3.6/repository/com.typesafe/config/1.3.0/bundles/config.jar:/home/ferlinux/.ivy2/cache/com.typesafe.play/play-json_2.11/jars/play-json_2.11-2.4.3.jar:/home/ferlinux/.ivy2/cache/com.typesafe.play/play-functional_2.11/jars/play-functional_2.11-2.4.3.jar:/home/ferlinux/.ivy2/cache/com.typesafe.play/play-datacommons_2.11/jars/play-datacommons_2.11-2.4.3.jar:/home/ferlinux/activator-dist-1.3.6/repository/joda-time/joda-time/2.8.1/jars/joda-time.jar:/home/ferlinux/activator-dist-1.3.6/repository/org.joda/joda-convert/1.7/jars/joda-convert.jar:/home/ferlinux/.ivy2/cache/org.scala-lang/scala-reflect/jars/scala-reflect-2.11.6.jar:/home/ferlinux/activator-dist-1.3.6/repository/com.fasterxml.jackson.core/jackson-core/2.5.4/bundles/jackson-core.jar:/home/ferlinux/activator-dist-1.3.6/repository/com.fasterxml.jackson.core/jackson-annotations/2.5.4/bundles/jackson-annotations.jar:/home/ferlinux/activator-dist-1.3.6/repository/com.fasterxml.jackson.core/jackson-databind/2.5.4/bundles/jackson-databind.jar:/home/ferlinux/activator-dist-1.3.6/repository/com.fasterxml.jackson.datatype/jackson-datatype-jdk8/2.5.4/bundles/jackson-datatype-jdk8.jar:/home/ferlinux/activator-dist-1.3.6/repository/com.fasterxml.jackson.datatype/jackson-datatype-jsr310/2.5.4/bundles/jackson-datatype-jsr310.jar:/home/ferlinux/.ivy2/cache/com.typesafe.play/play-netty-utils/jars/play-netty-utils-2.4.3.jar:/home/ferlinux/activator-dist-1.3.6/repository/org.slf4j/slf4j-api/1.7.12/jars/slf4j-api.jar:/home/ferlinux/activator-dist-1.3.6/repository/org.slf4j/jul-to-slf4j/1.7.12/jars/jul-to-slf4j.jar:/home/ferlinux/activator-dist-1.3.6/repository/org.slf4j/jcl-over-slf4j/1.7.12/jars/jcl-over-slf4j.jar:/home/ferlinux/.ivy2/cache/org.scala-lang.modules/scala-parser-combinators_2.11/bundles/scala-parser-combinators_2.11-1.0.1.jar:/home/ferlinux/activator-dist-1.3.6/repository/ch.qos.logback/logback-core/1.1.3/jars/logback-core.jar:/home/ferlinux/activator-dist-1.3.6/repository/ch.qos.logback/logback-classic/1.1.3/jars/logback-classic.jar:/home/ferlinux/.ivy2/cache/com.typesafe.akka/akka-actor_2.11/jars/akka-actor_2.11-2.3.13.jar:/home/ferlinux/.ivy2/cache/com.typesafe.akka/akka-slf4j_2.11/jars/akka-slf4j_2.11-2.3.13.jar:/home/ferlinux/activator-dist-1.3.6/repository/commons-codec/commons-codec/1.10/jars/commons-codec.jar:/home/ferlinux/.ivy2/cache/xerces/xercesImpl/jars/xercesImpl-2.11.0.jar:/home/ferlinux/.ivy2/cache/xml-apis/xml-apis/jars/xml-apis-1.4.01.jar:/home/ferlinux/.ivy2/cache/javax.transaction/jta/jars/jta-1.1.jar:/home/ferlinux/activator-dist-1.3.6/repository/com.google.inject/guice/4.0/jars/guice.jar:/home/ferlinux/activator-dist-1.3.6/repository/javax.inject/javax.inject/1/jars/javax.inject.jar:/home/ferlinux/activator-dist-1.3.6/repository/aopalliance/aopalliance/1.0/jars/aopalliance.jar:/home/ferlinux/activator-dist-1.3.6/repository/com.google.inject.extensions/guice-assistedinject/4.0/jars/guice-assistedinject.jar:/home/ferlinux/.ivy2/cache/com.typesafe.play/play-netty-server_2.11/jars/play-netty-server_2.11-2.4.3.jar:/home/ferlinux/.ivy2/cache/io.netty/netty/bundles/netty-3.10.4.Final.jar:/home/ferlinux/activator-dist-1.3.6/repository/com.typesafe.netty/netty-http-pipelining/1.1.4/jars/netty-http-pipelining.jar:/home/ferlinux/.ivy2/cache/com.typesafe.play/play-jdbc_2.11/jars/play-jdbc_2.11-2.4.3.jar:/home/ferlinux/.ivy2/cache/com.typesafe.play/play-jdbc-api_2.11/jars/play-jdbc-api_2.11-2.4.3.jar:/home/ferlinux/activator-dist-1.3.6/repository/com.jolbox/bonecp/0.8.0.RELEASE/bundles/bonecp.jar:/home/ferlinux/activator-dist-1.3.6/repository/com.zaxxer/HikariCP/2.3.7/bundles/HikariCP.jar:/home/ferlinux/activator-dist-1.3.6/repository/com.h2database/h2/1.4.187/jars/h2.jar:/home/ferlinux/activator-dist-1.3.6/repository/tyrex/tyrex/1.0.1/jars/tyrex.jar:/home/ferlinux/.ivy2/cache/com.typesafe.play/play-cache_2.11/jars/play-cache_2.11-2.4.3.jar:/home/ferlinux/activator-dist-1.3.6/repository/net.sf.ehcache/ehcache-core/2.6.11/jars/ehcache-core.jar:/home/ferlinux/.ivy2/cache/com.typesafe.play/play-ws_2.11/jars/play-ws_2.11-2.4.3.jar:/home/ferlinux/activator-dist-1.3.6/repository/com.google.guava/guava/18.0/bundles/guava.jar:/home/ferlinux/activator-dist-1.3.6/repository/com.ning/async-http-client/1.9.21/jars/async-http-client.jar:/home/ferlinux/.ivy2/cache/oauth.signpost/signpost-core/jars/signpost-core-1.2.1.2.jar:/home/ferlinux/.ivy2/cache/oauth.signpost/signpost-commonshttp4/jars/signpost-commonshttp4-1.2.1.2.jar:/home/ferlinux/activator-dist-1.3.6/repository/org.apache.httpcomponents/httpcore/4.0.1/jars/httpcore.jar:/home/ferlinux/activator-dist-1.3.6/repository/org.apache.httpcomponents/httpclient/4.0.1/jars/httpclient.jar:/home/ferlinux/.ivy2/cache/commons-logging/commons-logging/jars/commons-logging-1.1.1.jar:/home/ferlinux/.ivy2/cache/com.typesafe.play/filters-helpers_2.11/jars/filters-helpers_2.11-2.4.3.jar
Read from stdout: /home/ferlinux/activator-dist-1.3.6/spinnerbank-api-internal-demo/app/controllers/Application.scala:86: not found: value toJson
/home/ferlinux/activator-dist-1.3.6/spinnerbank-api-internal-demo/app/controllers/Application.scala:86: not found: value toJson
Read from stdout: Ok(Json.toJson(Seq(toJson(1), toJson("Bob"), toJson(3), toJson(4)))).withHeaders(
          Ok(Json.toJson(Seq(toJson(1), toJson("Bob"), toJson(3), toJson(4)))).withHeaders(
Read from stdout: ^
                             ^
Read from stdout: /home/ferlinux/activator-dist-1.3.6/spinnerbank-api-internal-demo/app/controllers/Application.scala:86: not found: value toJson
/home/ferlinux/activator-dist-1.3.6/spinnerbank-api-internal-demo/app/controllers/Application.scala:86: not found: value toJson
Read from stdout: Ok(Json.toJson(Seq(toJson(1), toJson("Bob"), toJson(3), toJson(4)))).withHeaders(
          Ok(Json.toJson(Seq(toJson(1), toJson("Bob"), toJson(3), toJson(4)))).withHeaders(
Read from stdout: ^
                                        ^
Read from stdout: /home/ferlinux/activator-dist-1.3.6/spinnerbank-api-internal-demo/app/controllers/Application.scala:86: not found: value toJson
/home/ferlinux/activator-dist-1.3.6/spinnerbank-api-internal-demo/app/controllers/Application.scala:86: not found: value toJson
Read from stdout: Ok(Json.toJson(Seq(toJson(1), toJson("Bob"), toJson(3), toJson(4)))).withHeaders(
          Ok(Json.toJson(Seq(toJson(1), toJson("Bob"), toJson(3), toJson(4)))).withHeaders(
Read from stdout: ^
                                                       ^
Read from stdout: /home/ferlinux/activator-dist-1.3.6/spinnerbank-api-internal-demo/app/controllers/Application.scala:86: not found: value toJson
/home/ferlinux/activator-dist-1.3.6/spinnerbank-api-internal-demo/app/controllers/Application.scala:86: not found: value toJson
Read from stdout: Ok(Json.toJson(Seq(toJson(1), toJson("Bob"), toJson(3), toJson(4)))).withHeaders(
          Ok(Json.toJson(Seq(toJson(1), toJson("Bob"), toJson(3), toJson(4)))).withHeaders(
Read from stdout: ^
                                                                  ^
Read from stdout: four errors found
four errors found
Compilation failed (CompilerInterface)
Read from stdout: (compile:compileIncremental) Compilation failed
(compile:compileIncremental) Compilation failed
Total time: 1 s, completed 13/11/2015 11:18:44 AM
> server-post-command-error-handler
> server-post-command-cleanup
> server-handle-next-server-request
> compile
Evaluating tasks: compile:compile
Running task... Cancel: sbt.server.ServerTaskCancellation@5c1818ba, check cycles: false

Initial source changes: 
	removed:Set()
	added: Set()
	modified: Set(/home/ferlinux/activator-dist-1.3.6/spinnerbank-api-internal-demo/app/controllers/Application.scala)
Removed products: Set()
External API changes: API Changes: Set()
Modified binary dependencies: Set()
Initial directly invalidated sources: Set(/home/ferlinux/activator-dist-1.3.6/spinnerbank-api-internal-demo/app/controllers/Application.scala)

Sources indirectly invalidated by:
	product: Set()
	binary dep: Set()
	external source: Set()
All initially invalidated sources: Set(/home/ferlinux/activator-dist-1.3.6/spinnerbank-api-internal-demo/app/controllers/Application.scala)

Read from stdout: Compiling 1 Scala source to /home/ferlinux/activator-dist-1.3.6/spinnerbank-api-internal-demo/target/scala-2.11/classes...
Compiling 1 Scala source to /home/ferlinux/activator-dist-1.3.6/spinnerbank-api-internal-demo/target/scala-2.11/classes...
Getting compiler-interface from component compiler for Scala 2.11.6
Other repositories:
Default repositories:
Getting compiler-interface from component compiler for Scala 2.11.6
Other repositories:
Default repositories:
Running cached compiler 1dd4de7b, interfacing (CompilerInterface) with Scala compiler version 2.11.6
Calling Scala compiler with arguments  (CompilerInterface):
	-deprecation
	-unchecked
	-encoding
	utf8
	-bootclasspath
	/usr/lib/jvm/java-8-oracle/jre/lib/resources.jar:/usr/lib/jvm/java-8-oracle/jre/lib/rt.jar:/usr/lib/jvm/java-8-oracle/jre/lib/sunrsasign.jar:/usr/lib/jvm/java-8-oracle/jre/lib/jsse.jar:/usr/lib/jvm/java-8-oracle/jre/lib/jce.jar:/usr/lib/jvm/java-8-oracle/jre/lib/charsets.jar:/usr/lib/jvm/java-8-oracle/jre/lib/jfr.jar:/usr/lib/jvm/java-8-oracle/jre/classes:/home/ferlinux/activator-dist-1.3.6/repository/org.scala-lang/scala-library/2.11.6/jars/scala-library.jar
	-classpath
	/home/ferlinux/activator-dist-1.3.6/spinnerbank-api-internal-demo/target/scala-2.11/classes:/home/ferlinux/activator-dist-1.3.6/repository/com.typesafe.play/twirl-api_2.11/1.1.1/jars/twirl-api_2.11.jar:/home/ferlinux/activator-dist-1.3.6/repository/org.apache.commons/commons-lang3/3.4/jars/commons-lang3.jar:/home/ferlinux/.ivy2/cache/org.scala-lang.modules/scala-xml_2.11/bundles/scala-xml_2.11-1.0.1.jar:/home/ferlinux/.ivy2/cache/com.typesafe.play/play-server_2.11/jars/play-server_2.11-2.4.3.jar:/home/ferlinux/.ivy2/cache/com.typesafe.play/play_2.11/jars/play_2.11-2.4.3.jar:/home/ferlinux/.ivy2/cache/com.typesafe.play/build-link/jars/build-link-2.4.3.jar:/home/ferlinux/.ivy2/cache/com.typesafe.play/play-exceptions/jars/play-exceptions-2.4.3.jar:/home/ferlinux/activator-dist-1.3.6/repository/org.javassist/javassist/3.19.0-GA/bundles/javassist.jar:/home/ferlinux/.ivy2/cache/com.typesafe.play/play-iteratees_2.11/jars/play-iteratees_2.11-2.4.3.jar:/home/ferlinux/.ivy2/cache/org.scala-stm/scala-stm_2.11/jars/scala-stm_2.11-0.7.jar:/home/ferlinux/activator-dist-1.3.6/repository/com.typesafe/config/1.3.0/bundles/config.jar:/home/ferlinux/.ivy2/cache/com.typesafe.play/play-json_2.11/jars/play-json_2.11-2.4.3.jar:/home/ferlinux/.ivy2/cache/com.typesafe.play/play-functional_2.11/jars/play-functional_2.11-2.4.3.jar:/home/ferlinux/.ivy2/cache/com.typesafe.play/play-datacommons_2.11/jars/play-datacommons_2.11-2.4.3.jar:/home/ferlinux/activator-dist-1.3.6/repository/joda-time/joda-time/2.8.1/jars/joda-time.jar:/home/ferlinux/activator-dist-1.3.6/repository/org.joda/joda-convert/1.7/jars/joda-convert.jar:/home/ferlinux/.ivy2/cache/org.scala-lang/scala-reflect/jars/scala-reflect-2.11.6.jar:/home/ferlinux/activator-dist-1.3.6/repository/com.fasterxml.jackson.core/jackson-core/2.5.4/bundles/jackson-core.jar:/home/ferlinux/activator-dist-1.3.6/repository/com.fasterxml.jackson.core/jackson-annotations/2.5.4/bundles/jackson-annotations.jar:/home/ferlinux/activator-dist-1.3.6/repository/com.fasterxml.jackson.core/jackson-databind/2.5.4/bundles/jackson-databind.jar:/home/ferlinux/activator-dist-1.3.6/repository/com.fasterxml.jackson.datatype/jackson-datatype-jdk8/2.5.4/bundles/jackson-datatype-jdk8.jar:/home/ferlinux/activator-dist-1.3.6/repository/com.fasterxml.jackson.datatype/jackson-datatype-jsr310/2.5.4/bundles/jackson-datatype-jsr310.jar:/home/ferlinux/.ivy2/cache/com.typesafe.play/play-netty-utils/jars/play-netty-utils-2.4.3.jar:/home/ferlinux/activator-dist-1.3.6/repository/org.slf4j/slf4j-api/1.7.12/jars/slf4j-api.jar:/home/ferlinux/activator-dist-1.3.6/repository/org.slf4j/jul-to-slf4j/1.7.12/jars/jul-to-slf4j.jar:/home/ferlinux/activator-dist-1.3.6/repository/org.slf4j/jcl-over-slf4j/1.7.12/jars/jcl-over-slf4j.jar:/home/ferlinux/.ivy2/cache/org.scala-lang.modules/scala-parser-combinators_2.11/bundles/scala-parser-combinators_2.11-1.0.1.jar:/home/ferlinux/activator-dist-1.3.6/repository/ch.qos.logback/logback-core/1.1.3/jars/logback-core.jar:/home/ferlinux/activator-dist-1.3.6/repository/ch.qos.logback/logback-classic/1.1.3/jars/logback-classic.jar:/home/ferlinux/.ivy2/cache/com.typesafe.akka/akka-actor_2.11/jars/akka-actor_2.11-2.3.13.jar:/home/ferlinux/.ivy2/cache/com.typesafe.akka/akka-slf4j_2.11/jars/akka-slf4j_2.11-2.3.13.jar:/home/ferlinux/activator-dist-1.3.6/repository/commons-codec/commons-codec/1.10/jars/commons-codec.jar:/home/ferlinux/.ivy2/cache/xerces/xercesImpl/jars/xercesImpl-2.11.0.jar:/home/ferlinux/.ivy2/cache/xml-apis/xml-apis/jars/xml-apis-1.4.01.jar:/home/ferlinux/.ivy2/cache/javax.transaction/jta/jars/jta-1.1.jar:/home/ferlinux/activator-dist-1.3.6/repository/com.google.inject/guice/4.0/jars/guice.jar:/home/ferlinux/activator-dist-1.3.6/repository/javax.inject/javax.inject/1/jars/javax.inject.jar:/home/ferlinux/activator-dist-1.3.6/repository/aopalliance/aopalliance/1.0/jars/aopalliance.jar:/home/ferlinux/activator-dist-1.3.6/repository/com.google.inject.extensions/guice-assistedinject/4.0/jars/guice-assistedinject.jar:/home/ferlinux/.ivy2/cache/com.typesafe.play/play-netty-server_2.11/jars/play-netty-server_2.11-2.4.3.jar:/home/ferlinux/.ivy2/cache/io.netty/netty/bundles/netty-3.10.4.Final.jar:/home/ferlinux/activator-dist-1.3.6/repository/com.typesafe.netty/netty-http-pipelining/1.1.4/jars/netty-http-pipelining.jar:/home/ferlinux/.ivy2/cache/com.typesafe.play/play-jdbc_2.11/jars/play-jdbc_2.11-2.4.3.jar:/home/ferlinux/.ivy2/cache/com.typesafe.play/play-jdbc-api_2.11/jars/play-jdbc-api_2.11-2.4.3.jar:/home/ferlinux/activator-dist-1.3.6/repository/com.jolbox/bonecp/0.8.0.RELEASE/bundles/bonecp.jar:/home/ferlinux/activator-dist-1.3.6/repository/com.zaxxer/HikariCP/2.3.7/bundles/HikariCP.jar:/home/ferlinux/activator-dist-1.3.6/repository/com.h2database/h2/1.4.187/jars/h2.jar:/home/ferlinux/activator-dist-1.3.6/repository/tyrex/tyrex/1.0.1/jars/tyrex.jar:/home/ferlinux/.ivy2/cache/com.typesafe.play/play-cache_2.11/jars/play-cache_2.11-2.4.3.jar:/home/ferlinux/activator-dist-1.3.6/repository/net.sf.ehcache/ehcache-core/2.6.11/jars/ehcache-core.jar:/home/ferlinux/.ivy2/cache/com.typesafe.play/play-ws_2.11/jars/play-ws_2.11-2.4.3.jar:/home/ferlinux/activator-dist-1.3.6/repository/com.google.guava/guava/18.0/bundles/guava.jar:/home/ferlinux/activator-dist-1.3.6/repository/com.ning/async-http-client/1.9.21/jars/async-http-client.jar:/home/ferlinux/.ivy2/cache/oauth.signpost/signpost-core/jars/signpost-core-1.2.1.2.jar:/home/ferlinux/.ivy2/cache/oauth.signpost/signpost-commonshttp4/jars/signpost-commonshttp4-1.2.1.2.jar:/home/ferlinux/activator-dist-1.3.6/repository/org.apache.httpcomponents/httpcore/4.0.1/jars/httpcore.jar:/home/ferlinux/activator-dist-1.3.6/repository/org.apache.httpcomponents/httpclient/4.0.1/jars/httpclient.jar:/home/ferlinux/.ivy2/cache/commons-logging/commons-logging/jars/commons-logging-1.1.1.jar:/home/ferlinux/.ivy2/cache/com.typesafe.play/filters-helpers_2.11/jars/filters-helpers_2.11-2.4.3.jar
Scala compilation took 2.573967994 s
New invalidations:
	Set()
Initial set of included nodes: Set()
Previously invalidated, but (transitively) depend on new invalidations:
	Set()
All newly invalidated sources after taking into account (previously) recompiled sources:Set()
Total time: 3 s, completed 13/11/2015 11:19:30 AM
> server-post-command-cleanup
> server-handle-next-server-request
> backgroundRun
Evaluating tasks: compile:backgroundRun
Running task... Cancel: sbt.server.ServerTaskCancellation@3d8f3061, check cycles: false
Total time: 0 s, completed 13/11/2015 11:19:33 AM
> server-post-command-cleanup
> server-handle-next-server-request
> {file:/home/ferlinux/activator-dist-1.3.6/spinnerbank-api-internal-demo/}root/*:playForkConfig
Evaluating tasks: *:playForkConfig
Running task... Cancel: sbt.server.ServerTaskCancellation@24a361c, check cycles: false
Total time: 1 s, completed 13/11/2015 11:19:38 AM
> server-post-command-cleanup
> server-handle-next-server-request
> root/playForkNotifyStart http://localhost:9000
Evaluating tasks: *:playForkNotifyStart
Running task... Cancel: sbt.server.ServerTaskCancellation@19816169, check cycles: false
Total time: 0 s, completed 13/11/2015 11:19:40 AM
> server-post-command-cleanup
> server-handle-next-server-request
> {file:/home/ferlinux/activator-dist-1.3.6/spinnerbank-api-internal-demo/}root/*:playForkReload
Evaluating tasks: *:playForkReload
Running task... Cancel: sbt.server.ServerTaskCancellation@5c3a0fdf, check cycles: false

Initial source changes: 
	removed:Set()
	added: Set()
	modified: Set()
Removed products: Set()
External API changes: API Changes: Set()
Modified binary dependencies: Set()
Initial directly invalidated sources: Set()

Sources indirectly invalidated by:
	product: Set()
	binary dep: Set()
	external source: Set()
All initially invalidated sources: Set()

Copy resource mappings: 
	(/home/ferlinux/activator-dist-1.3.6/spinnerbank-api-internal-demo/conf/application.conf,/home/ferlinux/activator-dist-1.3.6/spinnerbank-api-internal-demo/target/scala-2.11/classes/application.conf)
	(/home/ferlinux/activator-dist-1.3.6/spinnerbank-api-internal-demo/conf/routes,/home/ferlinux/activator-dist-1.3.6/spinnerbank-api-internal-demo/target/scala-2.11/classes/routes)
	(/home/ferlinux/activator-dist-1.3.6/spinnerbank-api-internal-demo/conf/logback.xml,/home/ferlinux/activator-dist-1.3.6/spinnerbank-api-internal-demo/target/scala-2.11/classes/logback.xml)
Total time: 1 s, completed 13/11/2015 11:19:45 AM
> server-post-command-cleanup
> server-handle-next-server-request
> jobStop 2
Evaluating tasks: *:jobStop
Running task... Cancel: sbt.server.ServerTaskCancellation@11c0819e, check cycles: false
Total time: 0 s, completed 13/11/2015 11:20:01 AM
> server-post-command-cleanup
> server-handle-next-server-request
Done executing sbt server engine, result Right(Exit(0))
Closing listening server socket
Waiting for socket thread
Waiting for request processor thread
Waiting for command engine result
Returning control to sbt launcher with result Exit(0)
Closing the 5780@ferlinux-N551JK logs at Fri Nov 13 11:22:37 COT 2015, goodbye.
